{"C:\\OpenServer5.3.5\\OSPanel\\domains\\touragency.local\\client\\src\\constants.ts": {"path":"C:\\OpenServer5.3.5\\OSPanel\\domains\\touragency.local\\client\\src\\constants.ts","statementMap":{"0":{"start":{"line":1,"column":13},"end":{"line":1,"column":49}},"1":{"start":{"line":2,"column":13},"end":{"line":2,"column":37}},"2":{"start":{"line":3,"column":13},"end":{"line":3,"column":56}},"3":{"start":{"line":4,"column":13},"end":{"line":4,"column":51}},"4":{"start":{"line":5,"column":13},"end":{"line":5,"column":32}},"5":{"start":{"line":6,"column":13},"end":{"line":6,"column":49}},"6":{"start":{"line":7,"column":13},"end":{"line":7,"column":43}},"7":{"start":{"line":8,"column":13},"end":{"line":8,"column":53}},"8":{"start":{"line":9,"column":13},"end":{"line":9,"column":61}},"9":{"start":{"line":10,"column":13},"end":{"line":10,"column":134}}},"fnMap":{},"branchMap":{},"s":{"0":13,"1":13,"2":13,"3":13,"4":13,"5":13,"6":13,"7":13,"8":13,"9":13},"f":{},"b":{}}
,"C:\\OpenServer5.3.5\\OSPanel\\domains\\touragency.local\\client\\src\\store.ts": {"path":"C:\\OpenServer5.3.5\\OSPanel\\domains\\touragency.local\\client\\src\\store.ts","statementMap":{"0":{"start":{"line":1,"column":0},"end":{"line":1,"column":53}},"1":{"start":{"line":2,"column":0},"end":{"line":2,"column":63}},"2":{"start":{"line":3,"column":0},"end":{"line":3,"column":42}},"3":{"start":{"line":4,"column":0},"end":{"line":4,"column":37}},"4":{"start":{"line":6,"column":14},"end":{"line":8,"column":2}},"5":{"start":{"line":10,"column":0},"end":{"line":10,"column":21}}},"fnMap":{},"branchMap":{},"s":{"0":4,"1":4,"2":4,"3":4,"4":4,"5":4},"f":{},"b":{}}
,"C:\\OpenServer5.3.5\\OSPanel\\domains\\touragency.local\\client\\src\\actions\\filterOptions.ts": {"path":"C:\\OpenServer5.3.5\\OSPanel\\domains\\touragency.local\\client\\src\\actions\\filterOptions.ts","statementMap":{"0":{"start":{"line":2,"column":0},"end":{"line":2,"column":26}},"1":{"start":{"line":3,"column":0},"end":{"line":3,"column":null}},"2":{"start":{"line":26,"column":29},"end":{"line":26,"column":81}},"3":{"start":{"line":26,"column":80},"end":{"line":29,"column":3}},"4":{"start":{"line":26,"column":13},"end":{"line":26,"column":29}},"5":{"start":{"line":36,"column":31},"end":{"line":36,"column":73}},"6":{"start":{"line":36,"column":72},"end":{"line":39,"column":3}},"7":{"start":{"line":36,"column":13},"end":{"line":36,"column":31}},"8":{"start":{"line":41,"column":34},"end":{"line":63,"column":1}},"9":{"start":{"line":43,"column":18},"end":{"line":43,"column":34}},"10":{"start":{"line":45,"column":1},"end":{"line":62,"column":4}},"11":{"start":{"line":57,"column":2},"end":{"line":57,"column":60}},"12":{"start":{"line":60,"column":2},"end":{"line":60,"column":21}},"13":{"start":{"line":61,"column":2},"end":{"line":61,"column":47}},"14":{"start":{"line":41,"column":13},"end":{"line":41,"column":34}}},"fnMap":{"0":{"name":"(anonymous_1)","decl":{"start":{"line":26,"column":29},"end":{"line":26,"column":30}},"loc":{"start":{"line":26,"column":53},"end":{"line":26,"column":81}}},"1":{"name":"(anonymous_2)","decl":{"start":{"line":36,"column":31},"end":{"line":36,"column":32}},"loc":{"start":{"line":36,"column":43},"end":{"line":36,"column":73}}},"2":{"name":"(anonymous_3)","decl":{"start":{"line":41,"column":34},"end":{"line":41,"column":35}},"loc":{"start":{"line":42,"column":25},"end":{"line":63,"column":1}}},"3":{"name":"(anonymous_4)","decl":{"start":{"line":56,"column":9},"end":{"line":56,"column":10}},"loc":{"start":{"line":56,"column":18},"end":{"line":58,"column":2}}},"4":{"name":"(anonymous_5)","decl":{"start":{"line":58,"column":10},"end":{"line":58,"column":11}},"loc":{"start":{"line":58,"column":16},"end":{"line":62,"column":2}}}},"branchMap":{},"s":{"0":5,"1":5,"2":5,"3":10,"4":5,"5":5,"6":4,"7":5,"8":5,"9":14,"10":14,"11":10,"12":2,"13":2,"14":5},"f":{"0":10,"1":4,"2":14,"3":10,"4":2},"b":{}}
,"C:\\OpenServer5.3.5\\OSPanel\\domains\\touragency.local\\client\\src\\actions\\singleTourPage.ts": {"path":"C:\\OpenServer5.3.5\\OSPanel\\domains\\touragency.local\\client\\src\\actions\\singleTourPage.ts","statementMap":{"0":{"start":{"line":2,"column":0},"end":{"line":2,"column":26}},"1":{"start":{"line":3,"column":0},"end":{"line":3,"column":89}},"2":{"start":{"line":11,"column":23},"end":{"line":11,"column":57}},"3":{"start":{"line":11,"column":56},"end":{"line":14,"column":3}},"4":{"start":{"line":11,"column":13},"end":{"line":11,"column":23}},"5":{"start":{"line":21,"column":34},"end":{"line":21,"column":79}},"6":{"start":{"line":21,"column":78},"end":{"line":24,"column":3}},"7":{"start":{"line":21,"column":13},"end":{"line":21,"column":34}},"8":{"start":{"line":26,"column":35},"end":{"line":26,"column":null}},"9":{"start":{"line":26,"column":51},"end":{"line":55,"column":2}},"10":{"start":{"line":27,"column":69},"end":{"line":54,"column":null}},"11":{"start":{"line":48,"column":3},"end":{"line":48,"column":44}},"12":{"start":{"line":51,"column":3},"end":{"line":51,"column":22}},"13":{"start":{"line":52,"column":3},"end":{"line":52,"column":51}},"14":{"start":{"line":26,"column":13},"end":{"line":26,"column":35}}},"fnMap":{"0":{"name":"(anonymous_1)","decl":{"start":{"line":11,"column":23},"end":{"line":11,"column":24}},"loc":{"start":{"line":11,"column":35},"end":{"line":11,"column":57}}},"1":{"name":"(anonymous_2)","decl":{"start":{"line":21,"column":34},"end":{"line":21,"column":35}},"loc":{"start":{"line":21,"column":46},"end":{"line":21,"column":79}}},"2":{"name":"(anonymous_3)","decl":{"start":{"line":26,"column":35},"end":{"line":26,"column":36}},"loc":{"start":{"line":26,"column":46},"end":{"line":26,"column":null}}},"3":{"name":"(anonymous_4)","decl":{"start":{"line":27,"column":1},"end":{"line":27,"column":2}},"loc":{"start":{"line":27,"column":64},"end":{"line":27,"column":null}}},"4":{"name":"(anonymous_5)","decl":{"start":{"line":47,"column":10},"end":{"line":47,"column":11}},"loc":{"start":{"line":47,"column":14},"end":{"line":49,"column":3}}},"5":{"name":"(anonymous_6)","decl":{"start":{"line":49,"column":11},"end":{"line":49,"column":12}},"loc":{"start":{"line":49,"column":17},"end":{"line":53,"column":3}}}},"branchMap":{},"s":{"0":4,"1":4,"2":4,"3":6,"4":4,"5":4,"6":6,"7":4,"8":4,"9":4,"10":4,"11":4,"12":2,"13":2,"14":4},"f":{"0":6,"1":6,"2":4,"3":4,"4":4,"5":2},"b":{}}
,"C:\\OpenServer5.3.5\\OSPanel\\domains\\touragency.local\\client\\src\\actions\\toursPage.ts": {"path":"C:\\OpenServer5.3.5\\OSPanel\\domains\\touragency.local\\client\\src\\actions\\toursPage.ts","statementMap":{"0":{"start":{"line":2,"column":0},"end":{"line":2,"column":26}},"1":{"start":{"line":3,"column":0},"end":{"line":3,"column":null}},"2":{"start":{"line":41,"column":24},"end":{"line":41,"column":69}},"3":{"start":{"line":41,"column":68},"end":{"line":44,"column":3}},"4":{"start":{"line":41,"column":13},"end":{"line":41,"column":24}},"5":{"start":{"line":51,"column":29},"end":{"line":51,"column":69}},"6":{"start":{"line":51,"column":68},"end":{"line":54,"column":3}},"7":{"start":{"line":51,"column":13},"end":{"line":51,"column":29}},"8":{"start":{"line":62,"column":36},"end":{"line":62,"column":null}},"9":{"start":{"line":62,"column":67},"end":{"line":103,"column":2}},"10":{"start":{"line":66,"column":3},"end":{"line":74,"column":null}},"11":{"start":{"line":67,"column":27},"end":{"line":67,"column":53}},"12":{"start":{"line":68,"column":17},"end":{"line":68,"column":44}},"13":{"start":{"line":69,"column":38},"end":{"line":69,"column":40}},"14":{"start":{"line":70,"column":4},"end":{"line":72,"column":7}},"15":{"start":{"line":71,"column":6},"end":{"line":71,"column":58}},"16":{"start":{"line":73,"column":4},"end":{"line":73,"column":78}},"17":{"start":{"line":76,"column":3},"end":{"line":101,"column":6}},"18":{"start":{"line":96,"column":4},"end":{"line":96,"column":47}},"19":{"start":{"line":99,"column":4},"end":{"line":99,"column":23}},"20":{"start":{"line":100,"column":4},"end":{"line":100,"column":47}},"21":{"start":{"line":62,"column":13},"end":{"line":62,"column":36}},"22":{"start":{"line":110,"column":30},"end":{"line":110,"column":79}},"23":{"start":{"line":110,"column":78},"end":{"line":113,"column":3}},"24":{"start":{"line":110,"column":13},"end":{"line":110,"column":30}},"25":{"start":{"line":120,"column":32},"end":{"line":120,"column":85}},"26":{"start":{"line":120,"column":84},"end":{"line":123,"column":3}},"27":{"start":{"line":120,"column":13},"end":{"line":120,"column":32}}},"fnMap":{"0":{"name":"(anonymous_1)","decl":{"start":{"line":41,"column":24},"end":{"line":41,"column":25}},"loc":{"start":{"line":41,"column":46},"end":{"line":41,"column":69}}},"1":{"name":"(anonymous_2)","decl":{"start":{"line":51,"column":29},"end":{"line":51,"column":30}},"loc":{"start":{"line":51,"column":41},"end":{"line":51,"column":69}}},"2":{"name":"(anonymous_3)","decl":{"start":{"line":62,"column":36},"end":{"line":62,"column":37}},"loc":{"start":{"line":62,"column":62},"end":{"line":62,"column":null}}},"3":{"name":"(anonymous_4)","decl":{"start":{"line":63,"column":2},"end":{"line":63,"column":3}},"loc":{"start":{"line":63,"column":61},"end":{"line":102,"column":3}}},"4":{"name":"(anonymous_5)","decl":{"start":{"line":70,"column":17},"end":{"line":70,"column":18}},"loc":{"start":{"line":70,"column":21},"end":{"line":72,"column":5}}},"5":{"name":"(anonymous_6)","decl":{"start":{"line":95,"column":11},"end":{"line":95,"column":12}},"loc":{"start":{"line":95,"column":15},"end":{"line":97,"column":4}}},"6":{"name":"(anonymous_7)","decl":{"start":{"line":97,"column":12},"end":{"line":97,"column":13}},"loc":{"start":{"line":97,"column":18},"end":{"line":101,"column":4}}},"7":{"name":"(anonymous_8)","decl":{"start":{"line":110,"column":30},"end":{"line":110,"column":31}},"loc":{"start":{"line":110,"column":50},"end":{"line":110,"column":79}}},"8":{"name":"(anonymous_9)","decl":{"start":{"line":120,"column":32},"end":{"line":120,"column":33}},"loc":{"start":{"line":120,"column":54},"end":{"line":120,"column":85}}}},"branchMap":{"0":{"loc":{"start":{"line":66,"column":3},"end":{"line":74,"column":null}},"type":"if","locations":[{"start":{"line":66,"column":3},"end":{"line":74,"column":null}},{"start":{"line":66,"column":3},"end":{"line":74,"column":null}}]},"1":{"loc":{"start":{"line":79,"column":68},"end":{"line":79,"column":90}},"type":"binary-expr","locations":[{"start":{"line":79,"column":68},"end":{"line":79,"column":90}},{"start":{"line":79,"column":94},"end":{"line":79,"column":96}}]}},"s":{"0":6,"1":6,"2":6,"3":21,"4":6,"5":6,"6":6,"7":6,"8":6,"9":22,"10":22,"11":21,"12":21,"13":21,"14":21,"15":31,"16":21,"17":22,"18":19,"19":2,"20":2,"21":6,"22":6,"23":9,"24":6,"25":6,"26":8,"27":6},"f":{"0":21,"1":6,"2":22,"3":22,"4":31,"5":19,"6":2,"7":9,"8":8},"b":{"0":[21,1],"1":[22,1]}}
,"C:\\OpenServer5.3.5\\OSPanel\\domains\\touragency.local\\client\\src\\actions\\tests\\utilsForActionsTests.ts": {"path":"C:\\OpenServer5.3.5\\OSPanel\\domains\\touragency.local\\client\\src\\actions\\tests\\utilsForActionsTests.ts","statementMap":{"0":{"start":{"line":2,"column":0},"end":{"line":2,"column":32}},"1":{"start":{"line":4,"column":0},"end":{"line":4,"column":33}},"2":{"start":{"line":6,"column":0},"end":{"line":6,"column":50}},"3":{"start":{"line":7,"column":0},"end":{"line":7,"column":28}},"4":{"start":{"line":10,"column":18},"end":{"line":10,"column":45}},"5":{"start":{"line":11,"column":13},"end":{"line":11,"column":39}},"6":{"start":{"line":13,"column":32},"end":{"line":21,"column":1}},"7":{"start":{"line":14,"column":2},"end":{"line":20,"column":5}},"8":{"start":{"line":15,"column":20},"end":{"line":15,"column":48}},"9":{"start":{"line":16,"column":4},"end":{"line":19,"column":7}},"10":{"start":{"line":13,"column":13},"end":{"line":13,"column":32}},"11":{"start":{"line":23,"column":35},"end":{"line":30,"column":2}},"12":{"start":{"line":25,"column":32},"end":{"line":30,"column":2}},"13":{"start":{"line":27,"column":2},"end":{"line":27,"column":40}},"14":{"start":{"line":28,"column":8},"end":{"line":28,"column":47}},"15":{"start":{"line":29,"column":2},"end":{"line":29,"column":49}},"16":{"start":{"line":23,"column":13},"end":{"line":23,"column":35}}},"fnMap":{"0":{"name":"(anonymous_20)","decl":{"start":{"line":13,"column":32},"end":{"line":13,"column":33}},"loc":{"start":{"line":13,"column":46},"end":{"line":21,"column":1}}},"1":{"name":"(anonymous_21)","decl":{"start":{"line":14,"column":14},"end":{"line":14,"column":null}},"loc":{"start":{"line":14,"column":14},"end":{"line":20,"column":3}}},"2":{"name":"(anonymous_22)","decl":{"start":{"line":23,"column":35},"end":{"line":23,"column":null}},"loc":{"start":{"line":25,"column":32},"end":{"line":30,"column":2}}},"3":{"name":"(anonymous_23)","decl":{"start":{"line":25,"column":32},"end":{"line":25,"column":null}},"loc":{"start":{"line":25,"column":32},"end":{"line":30,"column":2}}}},"branchMap":{"0":{"loc":{"start":{"line":27,"column":2},"end":{"line":27,"column":40}},"type":"switch","locations":[{"start":{"line":27,"column":2},"end":{"line":27,"column":40}}]}},"s":{"0":6,"1":6,"2":6,"3":6,"4":6,"5":6,"6":6,"7":10,"8":10,"9":10,"10":6,"11":6,"12":8,"13":16,"14":8,"15":8,"16":6},"f":{"0":10,"1":10,"2":8,"3":8},"b":{"0":[8]}}
,"C:\\OpenServer5.3.5\\OSPanel\\domains\\touragency.local\\client\\src\\components\\CountryCard.tsx": {"path":"C:\\OpenServer5.3.5\\OSPanel\\domains\\touragency.local\\client\\src\\components\\CountryCard.tsx","statementMap":{"0":{"start":{"line":1,"column":0},"end":{"line":1,"column":26}},"1":{"start":{"line":2,"column":0},"end":{"line":2,"column":39}},"2":{"start":{"line":16,"column":49},"end":{"line":18,"column":null}},"3":{"start":{"line":17,"column":17},"end":{"line":17,"column":19}},"4":{"start":{"line":17,"column":30},"end":{"line":17,"column":32}},"5":{"start":{"line":17,"column":50},"end":{"line":17,"column":52}},"6":{"start":{"line":18,"column":5},"end":{"line":39,"column":2}},"7":{"start":{"line":41,"column":24},"end":{"line":52,"column":2}},"8":{"start":{"line":54,"column":17},"end":{"line":68,"column":null}},"9":{"start":{"line":66,"column":23},"end":{"line":66,"column":null}},"10":{"start":{"line":68,"column":25},"end":{"line":68,"column":null}},"11":{"start":{"line":73,"column":14},"end":{"line":77,"column":2}},"12":{"start":{"line":79,"column":0},"end":{"line":79,"column":27}}},"fnMap":{"0":{"name":"(anonymous_2)","decl":{"start":{"line":16,"column":49},"end":{"line":16,"column":null}},"loc":{"start":{"line":17,"column":52},"end":{"line":18,"column":null}}},"1":{"name":"(anonymous_3)","decl":{"start":{"line":66,"column":12},"end":{"line":66,"column":13}},"loc":{"start":{"line":66,"column":18},"end":{"line":66,"column":28}}},"2":{"name":"(anonymous_4)","decl":{"start":{"line":68,"column":14},"end":{"line":68,"column":15}},"loc":{"start":{"line":68,"column":20},"end":{"line":68,"column":30}}}},"branchMap":{"0":{"loc":{"start":{"line":41,"column":34},"end":{"line":41,"column":null}},"type":"binary-expr","locations":[{"start":{"line":41,"column":34},"end":{"line":41,"column":null}},{"start":{"line":41,"column":34},"end":{"line":52,"column":2}}]},"1":{"loc":{"start":{"line":54,"column":27},"end":{"line":54,"column":null}},"type":"binary-expr","locations":[{"start":{"line":54,"column":27},"end":{"line":54,"column":null}},{"start":{"line":54,"column":27},"end":{"line":71,"column":2}}]},"2":{"loc":{"start":{"line":73,"column":23},"end":{"line":73,"column":null}},"type":"binary-expr","locations":[{"start":{"line":73,"column":23},"end":{"line":73,"column":null}},{"start":{"line":73,"column":23},"end":{"line":77,"column":2}}]}},"s":{"0":2,"1":2,"2":2,"3":6,"4":6,"5":6,"6":6,"7":2,"8":2,"9":6,"10":6,"11":2,"12":2},"f":{"0":6,"1":6,"2":6},"b":{"0":[2,2],"1":[2,2],"2":[2,2]}}
,"C:\\OpenServer5.3.5\\OSPanel\\domains\\touragency.local\\client\\src\\components\\CustomSelect.tsx": {"path":"C:\\OpenServer5.3.5\\OSPanel\\domains\\touragency.local\\client\\src\\components\\CustomSelect.tsx","statementMap":{"0":{"start":{"line":1,"column":0},"end":{"line":1,"column":44}},"1":{"start":{"line":2,"column":0},"end":{"line":2,"column":34}},"2":{"start":{"line":16,"column":51},"end":{"line":36,"column":2}},"3":{"start":{"line":17,"column":3},"end":{"line":17,"column":null}},"4":{"start":{"line":18,"column":8},"end":{"line":18,"column":null}},"5":{"start":{"line":19,"column":19},"end":{"line":19,"column":null}},"6":{"start":{"line":20,"column":17},"end":{"line":20,"column":null}},"7":{"start":{"line":21,"column":6},"end":{"line":21,"column":null}},"8":{"start":{"line":22,"column":12},"end":{"line":22,"column":null}},"9":{"start":{"line":23,"column":6},"end":{"line":36,"column":2}},"10":{"start":{"line":38,"column":0},"end":{"line":38,"column":28}}},"fnMap":{"0":{"name":"(anonymous_1)","decl":{"start":{"line":16,"column":62},"end":{"line":16,"column":63}},"loc":{"start":{"line":23,"column":1},"end":{"line":23,"column":null}}}},"branchMap":{},"s":{"0":2,"1":2,"2":2,"3":90,"4":90,"5":90,"6":90,"7":90,"8":90,"9":90,"10":2},"f":{"0":90},"b":{}}
,"C:\\OpenServer5.3.5\\OSPanel\\domains\\touragency.local\\client\\src\\components\\Header.tsx": {"path":"C:\\OpenServer5.3.5\\OSPanel\\domains\\touragency.local\\client\\src\\components\\Header.tsx","statementMap":{"0":{"start":{"line":1,"column":0},"end":{"line":1,"column":26}},"1":{"start":{"line":2,"column":0},"end":{"line":2,"column":39}},"2":{"start":{"line":4,"column":0},"end":{"line":4,"column":50}},"3":{"start":{"line":6,"column":0},"end":{"line":6,"column":26}},"4":{"start":{"line":8,"column":25},"end":{"line":8,"column":null}},"5":{"start":{"line":8,"column":31},"end":{"line":19,"column":2}},"6":{"start":{"line":21,"column":16},"end":{"line":35,"column":2}},"7":{"start":{"line":37,"column":21},"end":{"line":38,"column":null}},"8":{"start":{"line":62,"column":0},"end":{"line":62,"column":22}}},"fnMap":{"0":{"name":"(anonymous_2)","decl":{"start":{"line":8,"column":25},"end":{"line":8,"column":31}},"loc":{"start":{"line":8,"column":25},"end":{"line":8,"column":null}}}},"branchMap":{"0":{"loc":{"start":{"line":21,"column":26},"end":{"line":21,"column":null}},"type":"binary-expr","locations":[{"start":{"line":21,"column":26},"end":{"line":21,"column":null}},{"start":{"line":21,"column":26},"end":{"line":35,"column":2}}]},"1":{"loc":{"start":{"line":37,"column":31},"end":{"line":37,"column":null}},"type":"binary-expr","locations":[{"start":{"line":37,"column":31},"end":{"line":37,"column":null}},{"start":{"line":37,"column":31},"end":{"line":60,"column":2}}]}},"s":{"0":4,"1":4,"2":4,"3":4,"4":4,"5":15,"6":4,"7":4,"8":4},"f":{"0":15},"b":{"0":[4,4],"1":[4,4]}}
,"C:\\OpenServer5.3.5\\OSPanel\\domains\\touragency.local\\client\\src\\components\\ImageWithWebp.tsx": {"path":"C:\\OpenServer5.3.5\\OSPanel\\domains\\touragency.local\\client\\src\\components\\ImageWithWebp.tsx","statementMap":{"0":{"start":{"line":1,"column":0},"end":{"line":1,"column":26}},"1":{"start":{"line":11,"column":48},"end":{"line":24,"column":2}},"2":{"start":{"line":13,"column":13},"end":{"line":13,"column":null}},"3":{"start":{"line":14,"column":14},"end":{"line":14,"column":null}},"4":{"start":{"line":15,"column":9},"end":{"line":15,"column":null}},"5":{"start":{"line":16,"column":17},"end":{"line":17,"column":null}},"6":{"start":{"line":18,"column":5},"end":{"line":24,"column":2}},"7":{"start":{"line":26,"column":0},"end":{"line":26,"column":29}}},"fnMap":{"0":{"name":"(anonymous_4)","decl":{"start":{"line":11,"column":48},"end":{"line":11,"column":null}},"loc":{"start":{"line":17,"column":5},"end":{"line":24,"column":2}}}},"branchMap":{},"s":{"0":3,"1":3,"2":124,"3":124,"4":124,"5":124,"6":124,"7":3},"f":{"0":124},"b":{}}
,"C:\\OpenServer5.3.5\\OSPanel\\domains\\touragency.local\\client\\src\\components\\Menu.tsx": {"path":"C:\\OpenServer5.3.5\\OSPanel\\domains\\touragency.local\\client\\src\\components\\Menu.tsx","statementMap":{"0":{"start":{"line":1,"column":0},"end":{"line":1,"column":42}},"1":{"start":{"line":2,"column":0},"end":{"line":2,"column":43}},"2":{"start":{"line":3,"column":0},"end":{"line":3,"column":57}},"3":{"start":{"line":5,"column":0},"end":{"line":5,"column":50}},"4":{"start":{"line":7,"column":13},"end":{"line":18,"column":2}},"5":{"start":{"line":20,"column":23},"end":{"line":36,"column":1}},"6":{"start":{"line":21,"column":16},"end":{"line":21,"column":40}},"7":{"start":{"line":23,"column":2},"end":{"line":35,"column":4}},"8":{"start":{"line":27,"column":29},"end":{"line":31,"column":12}},"9":{"start":{"line":38,"column":21},"end":{"line":39,"column":null}},"10":{"start":{"line":46,"column":14},"end":{"line":61,"column":null}},"11":{"start":{"line":51,"column":21},"end":{"line":51,"column":null}},"12":{"start":{"line":58,"column":22},"end":{"line":58,"column":null}},"13":{"start":{"line":61,"column":23},"end":{"line":61,"column":null}},"14":{"start":{"line":65,"column":0},"end":{"line":65,"column":20}}},"fnMap":{"0":{"name":"(anonymous_7)","decl":{"start":{"line":20,"column":23},"end":{"line":20,"column":null}},"loc":{"start":{"line":20,"column":23},"end":{"line":36,"column":1}}},"1":{"name":"(anonymous_8)","decl":{"start":{"line":27,"column":19},"end":{"line":27,"column":20}},"loc":{"start":{"line":27,"column":24},"end":{"line":27,"column":null}}},"2":{"name":"(anonymous_9)","decl":{"start":{"line":51,"column":10},"end":{"line":51,"column":11}},"loc":{"start":{"line":51,"column":16},"end":{"line":51,"column":26}}},"3":{"name":"(anonymous_10)","decl":{"start":{"line":58,"column":11},"end":{"line":58,"column":12}},"loc":{"start":{"line":58,"column":17},"end":{"line":58,"column":27}}},"4":{"name":"(anonymous_11)","decl":{"start":{"line":61,"column":12},"end":{"line":61,"column":13}},"loc":{"start":{"line":61,"column":18},"end":{"line":61,"column":28}}}},"branchMap":{"0":{"loc":{"start":{"line":38,"column":30},"end":{"line":38,"column":null}},"type":"binary-expr","locations":[{"start":{"line":38,"column":30},"end":{"line":38,"column":null}},{"start":{"line":38,"column":30},"end":{"line":44,"column":2}}]},"1":{"loc":{"start":{"line":46,"column":29},"end":{"line":46,"column":null}},"type":"binary-expr","locations":[{"start":{"line":46,"column":29},"end":{"line":46,"column":null}},{"start":{"line":46,"column":29},"end":{"line":63,"column":2}}]}},"s":{"0":4,"1":4,"2":4,"3":4,"4":4,"5":4,"6":15,"7":15,"8":30,"9":4,"10":4,"11":30,"12":30,"13":30,"14":4},"f":{"0":15,"1":30,"2":30,"3":30,"4":30},"b":{"0":[4,4],"1":[4,4]}}
,"C:\\OpenServer5.3.5\\OSPanel\\domains\\touragency.local\\client\\src\\components\\Pagination.tsx": {"path":"C:\\OpenServer5.3.5\\OSPanel\\domains\\touragency.local\\client\\src\\components\\Pagination.tsx","statementMap":{"0":{"start":{"line":1,"column":0},"end":{"line":1,"column":44}},"1":{"start":{"line":2,"column":0},"end":{"line":2,"column":39}},"2":{"start":{"line":4,"column":0},"end":{"line":4,"column":50}},"3":{"start":{"line":14,"column":47},"end":{"line":18,"column":null}},"4":{"start":{"line":16,"column":12},"end":{"line":16,"column":14}},"5":{"start":{"line":16,"column":19},"end":{"line":16,"column":21}},"6":{"start":{"line":16,"column":26},"end":{"line":16,"column":28}},"7":{"start":{"line":16,"column":43},"end":{"line":16,"column":45}},"8":{"start":{"line":16,"column":60},"end":{"line":16,"column":null}},"9":{"start":{"line":18,"column":5},"end":{"line":34,"column":2}},"10":{"start":{"line":36,"column":27},"end":{"line":37,"column":null}},"11":{"start":{"line":50,"column":22},"end":{"line":53,"column":null}},"12":{"start":{"line":53,"column":32},"end":{"line":53,"column":null}},"13":{"start":{"line":56,"column":26},"end":{"line":58,"column":2}},"14":{"start":{"line":59,"column":26},"end":{"line":61,"column":2}},"15":{"start":{"line":63,"column":15},"end":{"line":75,"column":null}},"16":{"start":{"line":69,"column":22},"end":{"line":69,"column":null}},"17":{"start":{"line":70,"column":33},"end":{"line":70,"column":null}},"18":{"start":{"line":75,"column":34},"end":{"line":75,"column":null}},"19":{"start":{"line":78,"column":19},"end":{"line":80,"column":2}},"20":{"start":{"line":81,"column":19},"end":{"line":83,"column":2}},"21":{"start":{"line":85,"column":25},"end":{"line":88,"column":null}},"22":{"start":{"line":88,"column":32},"end":{"line":88,"column":null}},"23":{"start":{"line":92,"column":0},"end":{"line":92,"column":26}}},"fnMap":{"0":{"name":"(anonymous_2)","decl":{"start":{"line":14,"column":47},"end":{"line":14,"column":null}},"loc":{"start":{"line":17,"column":1},"end":{"line":18,"column":null}}},"1":{"name":"(anonymous_3)","decl":{"start":{"line":53,"column":21},"end":{"line":53,"column":22}},"loc":{"start":{"line":53,"column":27},"end":{"line":53,"column":37}}},"2":{"name":"(anonymous_4)","decl":{"start":{"line":69,"column":11},"end":{"line":69,"column":12}},"loc":{"start":{"line":69,"column":17},"end":{"line":69,"column":27}}},"3":{"name":"(anonymous_5)","decl":{"start":{"line":70,"column":22},"end":{"line":70,"column":23}},"loc":{"start":{"line":70,"column":28},"end":{"line":70,"column":38}}},"4":{"name":"(anonymous_6)","decl":{"start":{"line":75,"column":23},"end":{"line":75,"column":24}},"loc":{"start":{"line":75,"column":29},"end":{"line":75,"column":39}}},"5":{"name":"(anonymous_7)","decl":{"start":{"line":88,"column":21},"end":{"line":88,"column":22}},"loc":{"start":{"line":88,"column":27},"end":{"line":88,"column":37}}}},"branchMap":{"0":{"loc":{"start":{"line":22,"column":10},"end":{"line":22,"column":25}},"type":"binary-expr","locations":[{"start":{"line":22,"column":10},"end":{"line":22,"column":25}},{"start":{"line":22,"column":29},"end":{"line":22,"column":118}}]},"1":{"loc":{"start":{"line":30,"column":10},"end":{"line":30,"column":29}},"type":"binary-expr","locations":[{"start":{"line":30,"column":10},"end":{"line":30,"column":29}},{"start":{"line":30,"column":33},"end":{"line":30,"column":123}}]},"2":{"loc":{"start":{"line":36,"column":37},"end":{"line":36,"column":null}},"type":"binary-expr","locations":[{"start":{"line":36,"column":37},"end":{"line":36,"column":null}},{"start":{"line":36,"column":37},"end":{"line":48,"column":2}}]},"3":{"loc":{"start":{"line":50,"column":32},"end":{"line":50,"column":null}},"type":"binary-expr","locations":[{"start":{"line":50,"column":32},"end":{"line":50,"column":null}},{"start":{"line":50,"column":32},"end":{"line":54,"column":2}}]},"4":{"loc":{"start":{"line":56,"column":47},"end":{"line":56,"column":null}},"type":"binary-expr","locations":[{"start":{"line":56,"column":47},"end":{"line":56,"column":null}},{"start":{"line":56,"column":47},"end":{"line":58,"column":2}}]},"5":{"loc":{"start":{"line":59,"column":47},"end":{"line":59,"column":null}},"type":"binary-expr","locations":[{"start":{"line":59,"column":47},"end":{"line":59,"column":null}},{"start":{"line":59,"column":47},"end":{"line":61,"column":2}}]},"6":{"loc":{"start":{"line":63,"column":25},"end":{"line":63,"column":null}},"type":"binary-expr","locations":[{"start":{"line":63,"column":25},"end":{"line":63,"column":null}},{"start":{"line":63,"column":25},"end":{"line":77,"column":2}}]},"7":{"loc":{"start":{"line":78,"column":33},"end":{"line":78,"column":null}},"type":"binary-expr","locations":[{"start":{"line":78,"column":33},"end":{"line":78,"column":null}},{"start":{"line":78,"column":33},"end":{"line":80,"column":2}}]},"8":{"loc":{"start":{"line":81,"column":33},"end":{"line":81,"column":null}},"type":"binary-expr","locations":[{"start":{"line":81,"column":33},"end":{"line":81,"column":null}},{"start":{"line":81,"column":33},"end":{"line":83,"column":2}}]},"9":{"loc":{"start":{"line":85,"column":35},"end":{"line":85,"column":null}},"type":"binary-expr","locations":[{"start":{"line":85,"column":35},"end":{"line":85,"column":null}},{"start":{"line":85,"column":35},"end":{"line":90,"column":2}}]}},"s":{"0":2,"1":2,"2":2,"3":2,"4":27,"5":27,"6":27,"7":27,"8":27,"9":27,"10":2,"11":2,"12":54,"13":2,"14":2,"15":2,"16":27,"17":27,"18":27,"19":2,"20":2,"21":2,"22":27,"23":2},"f":{"0":27,"1":54,"2":27,"3":27,"4":27,"5":27},"b":{"0":[27,12],"1":[27,15],"2":[2,2],"3":[2,2],"4":[2,2],"5":[2,2],"6":[2,2],"7":[2,2],"8":[2,2],"9":[2,2]}}
,"C:\\OpenServer5.3.5\\OSPanel\\domains\\touragency.local\\client\\src\\components\\PaginationItem.tsx": {"path":"C:\\OpenServer5.3.5\\OSPanel\\domains\\touragency.local\\client\\src\\components\\PaginationItem.tsx","statementMap":{"0":{"start":{"line":1,"column":0},"end":{"line":1,"column":26}},"1":{"start":{"line":2,"column":0},"end":{"line":2,"column":39}},"2":{"start":{"line":10,"column":55},"end":{"line":10,"column":null}},"3":{"start":{"line":10,"column":64},"end":{"line":10,"column":66}},"4":{"start":{"line":10,"column":77},"end":{"line":10,"column":79}},"5":{"start":{"line":10,"column":90},"end":{"line":10,"column":92}},"6":{"start":{"line":10,"column":97},"end":{"line":14,"column":2}},"7":{"start":{"line":20,"column":31},"end":{"line":35,"column":null}},"8":{"start":{"line":23,"column":21},"end":{"line":23,"column":null}},"9":{"start":{"line":24,"column":27},"end":{"line":24,"column":null}},"10":{"start":{"line":25,"column":31},"end":{"line":25,"column":null}},"11":{"start":{"line":35,"column":23},"end":{"line":35,"column":null}},"12":{"start":{"line":39,"column":0},"end":{"line":39,"column":30}}},"fnMap":{"0":{"name":"(anonymous_2)","decl":{"start":{"line":10,"column":55},"end":{"line":10,"column":56}},"loc":{"start":{"line":10,"column":92},"end":{"line":10,"column":null}}},"1":{"name":"(anonymous_3)","decl":{"start":{"line":23,"column":10},"end":{"line":23,"column":11}},"loc":{"start":{"line":23,"column":16},"end":{"line":23,"column":22}}},"2":{"name":"(anonymous_4)","decl":{"start":{"line":24,"column":16},"end":{"line":24,"column":17}},"loc":{"start":{"line":24,"column":22},"end":{"line":24,"column":28}}},"3":{"name":"(anonymous_5)","decl":{"start":{"line":25,"column":20},"end":{"line":25,"column":21}},"loc":{"start":{"line":25,"column":26},"end":{"line":25,"column":32}}},"4":{"name":"(anonymous_6)","decl":{"start":{"line":35,"column":12},"end":{"line":35,"column":13}},"loc":{"start":{"line":35,"column":18},"end":{"line":35,"column":28}}}},"branchMap":{"0":{"loc":{"start":{"line":20,"column":42},"end":{"line":20,"column":66}},"type":"binary-expr","locations":[{"start":{"line":20,"column":42},"end":{"line":20,"column":66}},{"start":{"line":20,"column":42},"end":{"line":37,"column":2}}]},"1":{"loc":{"start":{"line":23,"column":38},"end":{"line":23,"column":54}},"type":"cond-expr","locations":[{"start":{"line":23,"column":38},"end":{"line":23,"column":54}},{"start":{"line":23,"column":57},"end":{"line":23,"column":77}}]},"2":{"loc":{"start":{"line":24,"column":44},"end":{"line":24,"column":49}},"type":"cond-expr","locations":[{"start":{"line":24,"column":44},"end":{"line":24,"column":49}},{"start":{"line":24,"column":52},"end":{"line":24,"column":57}}]},"3":{"loc":{"start":{"line":25,"column":48},"end":{"line":25,"column":59}},"type":"cond-expr","locations":[{"start":{"line":25,"column":48},"end":{"line":25,"column":59}},{"start":{"line":25,"column":62},"end":{"line":25,"column":68}}]}},"s":{"0":2,"1":2,"2":2,"3":60,"4":60,"5":60,"6":60,"7":2,"8":60,"9":60,"10":60,"11":60,"12":2},"f":{"0":60,"1":60,"2":60,"3":60,"4":60},"b":{"0":[2,2],"1":[27,33],"2":[27,33],"3":[27,33]}}
,"C:\\OpenServer5.3.5\\OSPanel\\domains\\touragency.local\\client\\src\\components\\Tour.tsx": {"path":"C:\\OpenServer5.3.5\\OSPanel\\domains\\touragency.local\\client\\src\\components\\Tour.tsx","statementMap":{"0":{"start":{"line":1,"column":0},"end":{"line":1,"column":44}},"1":{"start":{"line":2,"column":0},"end":{"line":2,"column":39}},"2":{"start":{"line":3,"column":0},"end":{"line":3,"column":40}},"3":{"start":{"line":5,"column":0},"end":{"line":5,"column":50}},"4":{"start":{"line":8,"column":0},"end":{"line":8,"column":44}},"5":{"start":{"line":10,"column":30},"end":{"line":88,"column":1}},"6":{"start":{"line":12,"column":8},"end":{"line":12,"column":null}},"7":{"start":{"line":13,"column":11},"end":{"line":13,"column":null}},"8":{"start":{"line":14,"column":10},"end":{"line":14,"column":null}},"9":{"start":{"line":15,"column":17},"end":{"line":15,"column":null}},"10":{"start":{"line":16,"column":12},"end":{"line":16,"column":null}},"11":{"start":{"line":17,"column":13},"end":{"line":17,"column":null}},"12":{"start":{"line":18,"column":12},"end":{"line":18,"column":null}},"13":{"start":{"line":19,"column":11},"end":{"line":19,"column":null}},"14":{"start":{"line":22,"column":43},"end":{"line":22,"column":45}},"15":{"start":{"line":23,"column":44},"end":{"line":23,"column":46}},"16":{"start":{"line":24,"column":2},"end":{"line":32,"column":null}},"17":{"start":{"line":25,"column":4},"end":{"line":31,"column":null}},"18":{"start":{"line":25,"column":17},"end":{"line":25,"column":18}},"19":{"start":{"line":26,"column":6},"end":{"line":26,"column":20}},"20":{"start":{"line":27,"column":6},"end":{"line":29,"column":null}},"21":{"start":{"line":27,"column":19},"end":{"line":27,"column":20}},"22":{"start":{"line":28,"column":8},"end":{"line":28,"column":62}},"23":{"start":{"line":30,"column":6},"end":{"line":30,"column":54}},"24":{"start":{"line":34,"column":24},"end":{"line":34,"column":47}},"25":{"start":{"line":36,"column":2},"end":{"line":87,"column":4}},"26":{"start":{"line":90,"column":21},"end":{"line":91,"column":null}},"27":{"start":{"line":104,"column":21},"end":{"line":109,"column":null}},"28":{"start":{"line":109,"column":31},"end":{"line":109,"column":null}},"29":{"start":{"line":122,"column":26},"end":{"line":123,"column":null}},"30":{"start":{"line":126,"column":19},"end":{"line":128,"column":2}},"31":{"start":{"line":130,"column":19},"end":{"line":139,"column":null}},"32":{"start":{"line":139,"column":33},"end":{"line":139,"column":null}},"33":{"start":{"line":143,"column":22},"end":{"line":151,"column":null}},"34":{"start":{"line":151,"column":22},"end":{"line":151,"column":null}},"35":{"start":{"line":155,"column":25},"end":{"line":169,"column":null}},"36":{"start":{"line":169,"column":38},"end":{"line":169,"column":null}},"37":{"start":{"line":173,"column":18},"end":{"line":179,"column":2}},"38":{"start":{"line":181,"column":16},"end":{"line":187,"column":null}},"39":{"start":{"line":187,"column":23},"end":{"line":187,"column":null}},"40":{"start":{"line":195,"column":0},"end":{"line":195,"column":20}}},"fnMap":{"0":{"name":"(anonymous_2)","decl":{"start":{"line":10,"column":30},"end":{"line":10,"column":null}},"loc":{"start":{"line":20,"column":5},"end":{"line":88,"column":1}}},"1":{"name":"(anonymous_3)","decl":{"start":{"line":109,"column":20},"end":{"line":109,"column":21}},"loc":{"start":{"line":109,"column":26},"end":{"line":109,"column":36}}},"2":{"name":"(anonymous_4)","decl":{"start":{"line":139,"column":22},"end":{"line":139,"column":23}},"loc":{"start":{"line":139,"column":28},"end":{"line":139,"column":38}}},"3":{"name":"(anonymous_5)","decl":{"start":{"line":151,"column":11},"end":{"line":151,"column":12}},"loc":{"start":{"line":151,"column":17},"end":{"line":151,"column":27}}},"4":{"name":"(anonymous_6)","decl":{"start":{"line":169,"column":27},"end":{"line":169,"column":28}},"loc":{"start":{"line":169,"column":33},"end":{"line":169,"column":43}}},"5":{"name":"(anonymous_7)","decl":{"start":{"line":187,"column":12},"end":{"line":187,"column":13}},"loc":{"start":{"line":187,"column":18},"end":{"line":187,"column":28}}}},"branchMap":{"0":{"loc":{"start":{"line":24,"column":2},"end":{"line":32,"column":null}},"type":"if","locations":[{"start":{"line":24,"column":2},"end":{"line":32,"column":null}},{"start":{"line":24,"column":2},"end":{"line":32,"column":null}}]},"1":{"loc":{"start":{"line":64,"column":15},"end":{"line":64,"column":19}},"type":"binary-expr","locations":[{"start":{"line":64,"column":15},"end":{"line":64,"column":19}},{"start":{"line":64,"column":23},"end":{"line":64,"column":38}}]},"2":{"loc":{"start":{"line":90,"column":31},"end":{"line":90,"column":null}},"type":"binary-expr","locations":[{"start":{"line":90,"column":31},"end":{"line":90,"column":null}},{"start":{"line":90,"column":31},"end":{"line":102,"column":2}}]},"3":{"loc":{"start":{"line":104,"column":31},"end":{"line":104,"column":null}},"type":"binary-expr","locations":[{"start":{"line":104,"column":31},"end":{"line":104,"column":null}},{"start":{"line":104,"column":31},"end":{"line":120,"column":2}}]},"4":{"loc":{"start":{"line":122,"column":36},"end":{"line":122,"column":null}},"type":"binary-expr","locations":[{"start":{"line":122,"column":36},"end":{"line":122,"column":null}},{"start":{"line":122,"column":36},"end":{"line":124,"column":2}}]},"5":{"loc":{"start":{"line":126,"column":31},"end":{"line":126,"column":null}},"type":"binary-expr","locations":[{"start":{"line":126,"column":31},"end":{"line":126,"column":null}},{"start":{"line":126,"column":31},"end":{"line":128,"column":2}}]},"6":{"loc":{"start":{"line":130,"column":29},"end":{"line":130,"column":null}},"type":"binary-expr","locations":[{"start":{"line":130,"column":29},"end":{"line":130,"column":null}},{"start":{"line":130,"column":29},"end":{"line":141,"column":2}}]},"7":{"loc":{"start":{"line":143,"column":32},"end":{"line":143,"column":null}},"type":"binary-expr","locations":[{"start":{"line":143,"column":32},"end":{"line":143,"column":null}},{"start":{"line":143,"column":32},"end":{"line":153,"column":2}}]},"8":{"loc":{"start":{"line":155,"column":35},"end":{"line":155,"column":null}},"type":"binary-expr","locations":[{"start":{"line":155,"column":35},"end":{"line":155,"column":null}},{"start":{"line":155,"column":35},"end":{"line":171,"column":2}}]},"9":{"loc":{"start":{"line":173,"column":28},"end":{"line":173,"column":null}},"type":"binary-expr","locations":[{"start":{"line":173,"column":28},"end":{"line":173,"column":null}},{"start":{"line":173,"column":28},"end":{"line":179,"column":2}}]},"10":{"loc":{"start":{"line":181,"column":26},"end":{"line":181,"column":null}},"type":"binary-expr","locations":[{"start":{"line":181,"column":26},"end":{"line":181,"column":null}},{"start":{"line":181,"column":26},"end":{"line":193,"column":2}}]}},"s":{"0":2,"1":2,"2":2,"3":2,"4":2,"5":2,"6":122,"7":122,"8":122,"9":122,"10":122,"11":122,"12":122,"13":122,"14":122,"15":122,"16":122,"17":122,"18":122,"19":225,"20":225,"21":225,"22":934,"23":225,"24":122,"25":122,"26":2,"27":2,"28":122,"29":2,"30":2,"31":2,"32":122,"33":2,"34":122,"35":2,"36":122,"37":2,"38":2,"39":122,"40":2},"f":{"0":122,"1":122,"2":122,"3":122,"4":122,"5":122},"b":{"0":[122,0],"1":[122,122],"2":[2,2],"3":[2,2],"4":[2,2],"5":[2,2],"6":[2,2],"7":[2,2],"8":[2,2],"9":[2,2],"10":[2,2]}}
,"C:\\OpenServer5.3.5\\OSPanel\\domains\\touragency.local\\client\\src\\components\\TourCaption.tsx": {"path":"C:\\OpenServer5.3.5\\OSPanel\\domains\\touragency.local\\client\\src\\components\\TourCaption.tsx","statementMap":{"0":{"start":{"line":1,"column":0},"end":{"line":1,"column":26}},"1":{"start":{"line":2,"column":0},"end":{"line":2,"column":39}},"2":{"start":{"line":4,"column":0},"end":{"line":4,"column":50}},"3":{"start":{"line":11,"column":49},"end":{"line":11,"column":null}},"4":{"start":{"line":11,"column":57},"end":{"line":11,"column":59}},"5":{"start":{"line":11,"column":70},"end":{"line":11,"column":72}},"6":{"start":{"line":11,"column":77},"end":{"line":24,"column":2}},"7":{"start":{"line":26,"column":21},"end":{"line":31,"column":2}},"8":{"start":{"line":33,"column":26},"end":{"line":34,"column":null}},"9":{"start":{"line":37,"column":19},"end":{"line":54,"column":null}},"10":{"start":{"line":54,"column":24},"end":{"line":54,"column":null}},"11":{"start":{"line":58,"column":25},"end":{"line":67,"column":2}},"12":{"start":{"line":69,"column":0},"end":{"line":69,"column":27}}},"fnMap":{"0":{"name":"(anonymous_2)","decl":{"start":{"line":11,"column":49},"end":{"line":11,"column":50}},"loc":{"start":{"line":11,"column":72},"end":{"line":11,"column":null}}},"1":{"name":"(anonymous_3)","decl":{"start":{"line":54,"column":13},"end":{"line":54,"column":14}},"loc":{"start":{"line":54,"column":19},"end":{"line":54,"column":29}}}},"branchMap":{"0":{"loc":{"start":{"line":26,"column":31},"end":{"line":26,"column":null}},"type":"binary-expr","locations":[{"start":{"line":26,"column":31},"end":{"line":26,"column":null}},{"start":{"line":26,"column":31},"end":{"line":31,"column":2}}]},"1":{"loc":{"start":{"line":33,"column":36},"end":{"line":33,"column":null}},"type":"binary-expr","locations":[{"start":{"line":33,"column":36},"end":{"line":33,"column":null}},{"start":{"line":33,"column":36},"end":{"line":35,"column":2}}]},"2":{"loc":{"start":{"line":37,"column":29},"end":{"line":37,"column":null}},"type":"binary-expr","locations":[{"start":{"line":37,"column":29},"end":{"line":37,"column":null}},{"start":{"line":37,"column":29},"end":{"line":56,"column":2}}]},"3":{"loc":{"start":{"line":58,"column":35},"end":{"line":58,"column":null}},"type":"binary-expr","locations":[{"start":{"line":58,"column":35},"end":{"line":58,"column":null}},{"start":{"line":58,"column":35},"end":{"line":67,"column":2}}]}},"s":{"0":1,"1":1,"2":1,"3":1,"4":2,"5":2,"6":2,"7":1,"8":1,"9":1,"10":2,"11":1,"12":1},"f":{"0":2,"1":2},"b":{"0":[1,1],"1":[1,1],"2":[1,1],"3":[1,1]}}
,"C:\\OpenServer5.3.5\\OSPanel\\domains\\touragency.local\\client\\src\\components\\TourFilter.tsx": {"path":"C:\\OpenServer5.3.5\\OSPanel\\domains\\touragency.local\\client\\src\\components\\TourFilter.tsx","statementMap":{"0":{"start":{"line":1,"column":0},"end":{"line":1,"column":26}},"1":{"start":{"line":2,"column":0},"end":{"line":2,"column":31}},"2":{"start":{"line":3,"column":0},"end":{"line":3,"column":39}},"3":{"start":{"line":5,"column":0},"end":{"line":5,"column":50}},"4":{"start":{"line":15,"column":47},"end":{"line":17,"column":null}},"5":{"start":{"line":16,"column":17},"end":{"line":16,"column":19}},"6":{"start":{"line":16,"column":27},"end":{"line":16,"column":29}},"7":{"start":{"line":16,"column":37},"end":{"line":16,"column":39}},"8":{"start":{"line":16,"column":52},"end":{"line":16,"column":54}},"9":{"start":{"line":16,"column":71},"end":{"line":16,"column":null}},"10":{"start":{"line":17,"column":6},"end":{"line":42,"column":2}},"11":{"start":{"line":44,"column":27},"end":{"line":70,"column":null}},"12":{"start":{"line":47,"column":32},"end":{"line":47,"column":null}},"13":{"start":{"line":70,"column":23},"end":{"line":70,"column":null}},"14":{"start":{"line":99,"column":25},"end":{"line":107,"column":2}},"15":{"start":{"line":109,"column":25},"end":{"line":110,"column":null}},"16":{"start":{"line":118,"column":0},"end":{"line":118,"column":26}}},"fnMap":{"0":{"name":"(anonymous_2)","decl":{"start":{"line":15,"column":47},"end":{"line":15,"column":48}},"loc":{"start":{"line":17,"column":1},"end":{"line":17,"column":null}}},"1":{"name":"(anonymous_3)","decl":{"start":{"line":47,"column":21},"end":{"line":47,"column":22}},"loc":{"start":{"line":47,"column":27},"end":{"line":47,"column":37}}},"2":{"name":"(anonymous_4)","decl":{"start":{"line":70,"column":12},"end":{"line":70,"column":13}},"loc":{"start":{"line":70,"column":18},"end":{"line":70,"column":28}}}},"branchMap":{"0":{"loc":{"start":{"line":44,"column":38},"end":{"line":44,"column":null}},"type":"binary-expr","locations":[{"start":{"line":44,"column":38},"end":{"line":44,"column":null}},{"start":{"line":44,"column":38},"end":{"line":97,"column":2}}]},"1":{"loc":{"start":{"line":99,"column":37},"end":{"line":99,"column":null}},"type":"binary-expr","locations":[{"start":{"line":99,"column":37},"end":{"line":99,"column":null}},{"start":{"line":99,"column":37},"end":{"line":107,"column":2}}]},"2":{"loc":{"start":{"line":109,"column":35},"end":{"line":109,"column":null}},"type":"binary-expr","locations":[{"start":{"line":109,"column":35},"end":{"line":109,"column":null}},{"start":{"line":109,"column":35},"end":{"line":116,"column":2}}]}},"s":{"0":2,"1":2,"2":2,"3":2,"4":2,"5":41,"6":41,"7":41,"8":41,"9":41,"10":41,"11":2,"12":41,"13":41,"14":2,"15":2,"16":2},"f":{"0":41,"1":41,"2":41},"b":{"0":[2,2],"1":[2,2],"2":[2,2]}}
,"C:\\OpenServer5.3.5\\OSPanel\\domains\\touragency.local\\client\\src\\components\\TourSchedule.tsx": {"path":"C:\\OpenServer5.3.5\\OSPanel\\domains\\touragency.local\\client\\src\\components\\TourSchedule.tsx","statementMap":{"0":{"start":{"line":1,"column":0},"end":{"line":1,"column":26}},"1":{"start":{"line":2,"column":0},"end":{"line":2,"column":39}},"2":{"start":{"line":6,"column":0},"end":{"line":6,"column":48}},"3":{"start":{"line":12,"column":51},"end":{"line":12,"column":null}},"4":{"start":{"line":12,"column":62},"end":{"line":12,"column":64}},"5":{"start":{"line":12,"column":69},"end":{"line":21,"column":2}},"6":{"start":{"line":16,"column":48},"end":{"line":18,"column":8}},"7":{"start":{"line":23,"column":22},"end":{"line":28,"column":2}},"8":{"start":{"line":30,"column":0},"end":{"line":30,"column":28}}},"fnMap":{"0":{"name":"(anonymous_2)","decl":{"start":{"line":12,"column":51},"end":{"line":12,"column":52}},"loc":{"start":{"line":12,"column":64},"end":{"line":12,"column":null}}},"1":{"name":"(anonymous_3)","decl":{"start":{"line":16,"column":31},"end":{"line":16,"column":32}},"loc":{"start":{"line":16,"column":43},"end":{"line":16,"column":null}}}},"branchMap":{"0":{"loc":{"start":{"line":16,"column":6},"end":{"line":16,"column":14}},"type":"binary-expr","locations":[{"start":{"line":16,"column":6},"end":{"line":16,"column":14}},{"start":{"line":16,"column":18},"end":{"line":18,"column":8}}]},"1":{"loc":{"start":{"line":23,"column":31},"end":{"line":23,"column":null}},"type":"binary-expr","locations":[{"start":{"line":23,"column":31},"end":{"line":23,"column":null}},{"start":{"line":23,"column":31},"end":{"line":28,"column":2}}]}},"s":{"0":1,"1":1,"2":1,"3":1,"4":2,"5":2,"6":14,"7":1,"8":1},"f":{"0":2,"1":14},"b":{"0":[2,2],"1":[1,1]}}
,"C:\\OpenServer5.3.5\\OSPanel\\domains\\touragency.local\\client\\src\\components\\TourScheduleDay.tsx": {"path":"C:\\OpenServer5.3.5\\OSPanel\\domains\\touragency.local\\client\\src\\components\\TourScheduleDay.tsx","statementMap":{"0":{"start":{"line":1,"column":0},"end":{"line":1,"column":26}},"1":{"start":{"line":2,"column":0},"end":{"line":2,"column":39}},"2":{"start":{"line":6,"column":0},"end":{"line":6,"column":50}},"3":{"start":{"line":13,"column":57},"end":{"line":13,"column":null}},"4":{"start":{"line":13,"column":64},"end":{"line":13,"column":66}},"5":{"start":{"line":13,"column":71},"end":{"line":13,"column":73}},"6":{"start":{"line":13,"column":78},"end":{"line":29,"column":2}},"7":{"start":{"line":31,"column":25},"end":{"line":32,"column":null}},"8":{"start":{"line":45,"column":20},"end":{"line":50,"column":2}},"9":{"start":{"line":52,"column":13},"end":{"line":58,"column":null}},"10":{"start":{"line":58,"column":33},"end":{"line":58,"column":null}},"11":{"start":{"line":65,"column":20},"end":{"line":72,"column":2}},"12":{"start":{"line":74,"column":18},"end":{"line":87,"column":null}},"13":{"start":{"line":87,"column":24},"end":{"line":87,"column":null}},"14":{"start":{"line":91,"column":17},"end":{"line":98,"column":2}},"15":{"start":{"line":100,"column":0},"end":{"line":100,"column":31}}},"fnMap":{"0":{"name":"(anonymous_2)","decl":{"start":{"line":13,"column":57},"end":{"line":13,"column":58}},"loc":{"start":{"line":13,"column":73},"end":{"line":13,"column":null}}},"1":{"name":"(anonymous_3)","decl":{"start":{"line":58,"column":22},"end":{"line":58,"column":23}},"loc":{"start":{"line":58,"column":28},"end":{"line":58,"column":38}}},"2":{"name":"(anonymous_4)","decl":{"start":{"line":87,"column":13},"end":{"line":87,"column":14}},"loc":{"start":{"line":87,"column":19},"end":{"line":87,"column":29}}}},"branchMap":{"0":{"loc":{"start":{"line":31,"column":35},"end":{"line":31,"column":null}},"type":"binary-expr","locations":[{"start":{"line":31,"column":35},"end":{"line":31,"column":null}},{"start":{"line":31,"column":35},"end":{"line":43,"column":2}}]},"1":{"loc":{"start":{"line":45,"column":30},"end":{"line":45,"column":null}},"type":"binary-expr","locations":[{"start":{"line":45,"column":30},"end":{"line":45,"column":null}},{"start":{"line":45,"column":30},"end":{"line":50,"column":2}}]},"2":{"loc":{"start":{"line":52,"column":23},"end":{"line":52,"column":null}},"type":"binary-expr","locations":[{"start":{"line":52,"column":23},"end":{"line":52,"column":null}},{"start":{"line":52,"column":23},"end":{"line":63,"column":2}}]},"3":{"loc":{"start":{"line":65,"column":30},"end":{"line":65,"column":null}},"type":"binary-expr","locations":[{"start":{"line":65,"column":30},"end":{"line":65,"column":null}},{"start":{"line":65,"column":30},"end":{"line":72,"column":2}}]},"4":{"loc":{"start":{"line":74,"column":27},"end":{"line":74,"column":null}},"type":"binary-expr","locations":[{"start":{"line":74,"column":27},"end":{"line":74,"column":null}},{"start":{"line":74,"column":27},"end":{"line":89,"column":2}}]},"5":{"loc":{"start":{"line":91,"column":27},"end":{"line":91,"column":null}},"type":"binary-expr","locations":[{"start":{"line":91,"column":27},"end":{"line":91,"column":null}},{"start":{"line":91,"column":27},"end":{"line":98,"column":2}}]}},"s":{"0":1,"1":1,"2":1,"3":1,"4":14,"5":14,"6":14,"7":1,"8":1,"9":1,"10":14,"11":1,"12":1,"13":14,"14":1,"15":1},"f":{"0":14,"1":14,"2":14},"b":{"0":[1,1],"1":[1,1],"2":[1,1],"3":[1,1],"4":[1,1],"5":[1,1]}}
,"C:\\OpenServer5.3.5\\OSPanel\\domains\\touragency.local\\client\\src\\components\\TourTable.tsx": {"path":"C:\\OpenServer5.3.5\\OSPanel\\domains\\touragency.local\\client\\src\\components\\TourTable.tsx","statementMap":{"0":{"start":{"line":1,"column":0},"end":{"line":1,"column":26}},"1":{"start":{"line":2,"column":0},"end":{"line":2,"column":39}},"2":{"start":{"line":4,"column":0},"end":{"line":4,"column":50}},"3":{"start":{"line":13,"column":45},"end":{"line":15,"column":null}},"4":{"start":{"line":14,"column":54},"end":{"line":14,"column":56}},"5":{"start":{"line":14,"column":67},"end":{"line":14,"column":69}},"6":{"start":{"line":14,"column":76},"end":{"line":14,"column":78}},"7":{"start":{"line":14,"column":91},"end":{"line":14,"column":null}},"8":{"start":{"line":15,"column":6},"end":{"line":53,"column":2}},"9":{"start":{"line":46,"column":42},"end":{"line":46,"column":81}},"10":{"start":{"line":55,"column":19},"end":{"line":73,"column":null}},"11":{"start":{"line":107,"column":0},"end":{"line":107,"column":25}}},"fnMap":{"0":{"name":"(anonymous_2)","decl":{"start":{"line":13,"column":45},"end":{"line":13,"column":46}},"loc":{"start":{"line":15,"column":1},"end":{"line":15,"column":null}}},"1":{"name":"(anonymous_3)","decl":{"start":{"line":46,"column":32},"end":{"line":46,"column":33}},"loc":{"start":{"line":46,"column":37},"end":{"line":46,"column":46}}}},"branchMap":{"0":{"loc":{"start":{"line":55,"column":31},"end":{"line":55,"column":null}},"type":"binary-expr","locations":[{"start":{"line":55,"column":31},"end":{"line":55,"column":null}},{"start":{"line":55,"column":31},"end":{"line":105,"column":2}}]}},"s":{"0":1,"1":1,"2":1,"3":1,"4":2,"5":2,"6":2,"7":2,"8":2,"9":10,"10":1,"11":1},"f":{"0":2,"1":10},"b":{"0":[1,1]}}
,"C:\\OpenServer5.3.5\\OSPanel\\domains\\touragency.local\\client\\src\\containers\\App.tsx": {"path":"C:\\OpenServer5.3.5\\OSPanel\\domains\\touragency.local\\client\\src\\containers\\App.tsx","statementMap":{"0":{"start":{"line":1,"column":0},"end":{"line":1,"column":40}},"1":{"start":{"line":2,"column":0},"end":{"line":2,"column":49}},"2":{"start":{"line":5,"column":0},"end":{"line":5,"column":64}},"3":{"start":{"line":6,"column":0},"end":{"line":6,"column":42}},"4":{"start":{"line":8,"column":17},"end":{"line":8,"column":55}},"5":{"start":{"line":8,"column":34},"end":{"line":8,"column":54}},"6":{"start":{"line":9,"column":18},"end":{"line":9,"column":57}},"7":{"start":{"line":9,"column":35},"end":{"line":9,"column":56}},"8":{"start":{"line":10,"column":23},"end":{"line":10,"column":67}},"9":{"start":{"line":10,"column":40},"end":{"line":10,"column":66}},"10":{"start":{"line":12,"column":21},"end":{"line":12,"column":null}},"11":{"start":{"line":12,"column":27},"end":{"line":33,"column":2}},"12":{"start":{"line":35,"column":0},"end":{"line":35,"column":19}}},"fnMap":{"0":{"name":"(anonymous_7)","decl":{"start":{"line":8,"column":28},"end":{"line":8,"column":34}},"loc":{"start":{"line":8,"column":28},"end":{"line":8,"column":41}}},"1":{"name":"(anonymous_8)","decl":{"start":{"line":8,"column":34},"end":{"line":8,"column":41}},"loc":{"start":{"line":8,"column":34},"end":{"line":8,"column":54}}},"2":{"name":"(anonymous_9)","decl":{"start":{"line":9,"column":29},"end":{"line":9,"column":35}},"loc":{"start":{"line":9,"column":29},"end":{"line":9,"column":42}}},"3":{"name":"(anonymous_10)","decl":{"start":{"line":9,"column":35},"end":{"line":9,"column":42}},"loc":{"start":{"line":9,"column":35},"end":{"line":9,"column":56}}},"4":{"name":"(anonymous_11)","decl":{"start":{"line":10,"column":34},"end":{"line":10,"column":40}},"loc":{"start":{"line":10,"column":34},"end":{"line":10,"column":47}}},"5":{"name":"(anonymous_12)","decl":{"start":{"line":10,"column":40},"end":{"line":10,"column":47}},"loc":{"start":{"line":10,"column":40},"end":{"line":10,"column":66}}},"6":{"name":"(anonymous_13)","decl":{"start":{"line":12,"column":21},"end":{"line":12,"column":27}},"loc":{"start":{"line":12,"column":21},"end":{"line":12,"column":null}}}},"branchMap":{},"s":{"0":4,"1":4,"2":4,"3":4,"4":4,"5":4,"6":4,"7":4,"8":4,"9":2,"10":4,"11":15,"12":4},"f":{"0":2,"1":2,"2":2,"3":2,"4":1,"5":1,"6":15},"b":{}}
,"C:\\OpenServer5.3.5\\OSPanel\\domains\\touragency.local\\client\\src\\containers\\CountryCardContainer.tsx": {"path":"C:\\OpenServer5.3.5\\OSPanel\\domains\\touragency.local\\client\\src\\containers\\CountryCardContainer.tsx","statementMap":{"0":{"start":{"line":1,"column":0},"end":{"line":1,"column":26}},"1":{"start":{"line":2,"column":0},"end":{"line":2,"column":42}},"2":{"start":{"line":3,"column":0},"end":{"line":3,"column":46}},"3":{"start":{"line":5,"column":0},"end":{"line":5,"column":56}},"4":{"start":{"line":7,"column":0},"end":{"line":7,"column":52}},"5":{"start":{"line":9,"column":13},"end":{"line":31,"column":2}},"6":{"start":{"line":37,"column":67},"end":{"line":53,"column":1}},"7":{"start":{"line":37,"column":77},"end":{"line":37,"column":79}},"8":{"start":{"line":38,"column":22},"end":{"line":38,"column":73}},"9":{"start":{"line":39,"column":19},"end":{"line":39,"column":32}},"10":{"start":{"line":40,"column":18},"end":{"line":40,"column":30}},"11":{"start":{"line":41,"column":29},"end":{"line":44,"column":3}},"12":{"start":{"line":42,"column":4},"end":{"line":42,"column":57}},"13":{"start":{"line":43,"column":4},"end":{"line":43,"column":27}},"14":{"start":{"line":46,"column":2},"end":{"line":52,"column":4}},"15":{"start":{"line":55,"column":0},"end":{"line":55,"column":36}}},"fnMap":{"0":{"name":"(anonymous_1)","decl":{"start":{"line":37,"column":67},"end":{"line":37,"column":68}},"loc":{"start":{"line":37,"column":79},"end":{"line":53,"column":1}}},"1":{"name":"(anonymous_2)","decl":{"start":{"line":41,"column":29},"end":{"line":41,"column":null}},"loc":{"start":{"line":41,"column":29},"end":{"line":44,"column":3}}}},"branchMap":{},"s":{"0":2,"1":2,"2":2,"3":2,"4":2,"5":2,"6":2,"7":6,"8":6,"9":6,"10":6,"11":6,"12":1,"13":1,"14":6,"15":2},"f":{"0":6,"1":1},"b":{}}
,"C:\\OpenServer5.3.5\\OSPanel\\domains\\touragency.local\\client\\src\\containers\\CustomSelectContainer.tsx": {"path":"C:\\OpenServer5.3.5\\OSPanel\\domains\\touragency.local\\client\\src\\containers\\CustomSelectContainer.tsx","statementMap":{"0":{"start":{"line":1,"column":0},"end":{"line":1,"column":26}},"1":{"start":{"line":2,"column":0},"end":{"line":2,"column":42}},"2":{"start":{"line":4,"column":0},"end":{"line":4,"column":47}},"3":{"start":{"line":5,"column":0},"end":{"line":5,"column":94}},"4":{"start":{"line":9,"column":0},"end":{"line":9,"column":54}},"5":{"start":{"line":19,"column":60},"end":{"line":64,"column":2}},"6":{"start":{"line":20,"column":4},"end":{"line":20,"column":null}},"7":{"start":{"line":21,"column":15},"end":{"line":21,"column":null}},"8":{"start":{"line":22,"column":17},"end":{"line":22,"column":null}},"9":{"start":{"line":23,"column":9},"end":{"line":23,"column":null}},"10":{"start":{"line":24,"column":7},"end":{"line":24,"column":null}},"11":{"start":{"line":26,"column":16},"end":{"line":32,"column":4}},"12":{"start":{"line":34,"column":25},"end":{"line":34,"column":79}},"13":{"start":{"line":34,"column":48},"end":{"line":34,"column":79}},"14":{"start":{"line":35,"column":19},"end":{"line":35,"column":32}},"15":{"start":{"line":36,"column":29},"end":{"line":44,"column":3}},"16":{"start":{"line":37,"column":4},"end":{"line":37,"column":30}},"17":{"start":{"line":38,"column":4},"end":{"line":38,"column":56}},"18":{"start":{"line":39,"column":4},"end":{"line":39,"column":32}},"19":{"start":{"line":40,"column":4},"end":{"line":43,"column":8}},"20":{"start":{"line":45,"column":27},"end":{"line":47,"column":3}},"21":{"start":{"line":46,"column":4},"end":{"line":46,"column":30}},"22":{"start":{"line":49,"column":4},"end":{"line":52,"column":null}},"23":{"start":{"line":56,"column":22},"end":{"line":58,"column":4}},"24":{"start":{"line":60,"column":2},"end":{"line":63,"column":4}},"25":{"start":{"line":66,"column":0},"end":{"line":66,"column":37}}},"fnMap":{"0":{"name":"(anonymous_3)","decl":{"start":{"line":19,"column":71},"end":{"line":19,"column":72}},"loc":{"start":{"line":25,"column":1},"end":{"line":64,"column":1}}},"1":{"name":"(anonymous_4)","decl":{"start":{"line":34,"column":37},"end":{"line":34,"column":38}},"loc":{"start":{"line":34,"column":43},"end":{"line":34,"column":53}}},"2":{"name":"(anonymous_5)","decl":{"start":{"line":36,"column":29},"end":{"line":36,"column":30}},"loc":{"start":{"line":36,"column":51},"end":{"line":44,"column":3}}},"3":{"name":"(anonymous_6)","decl":{"start":{"line":45,"column":27},"end":{"line":45,"column":null}},"loc":{"start":{"line":45,"column":27},"end":{"line":47,"column":3}}}},"branchMap":{"0":{"loc":{"start":{"line":38,"column":44},"end":{"line":38,"column":46}},"type":"cond-expr","locations":[{"start":{"line":38,"column":44},"end":{"line":38,"column":46}},{"start":{"line":38,"column":38},"end":{"line":38,"column":51}}]},"1":{"loc":{"start":{"line":38,"column":38},"end":{"line":38,"column":46}},"type":"binary-expr","locations":[{"start":{"line":38,"column":38},"end":{"line":38,"column":46}},{"start":{"line":38,"column":38},"end":{"line":38,"column":46}}]},"2":{"loc":{"start":{"line":42,"column":55},"end":{"line":42,"column":57}},"type":"cond-expr","locations":[{"start":{"line":42,"column":55},"end":{"line":42,"column":57}},{"start":{"line":42,"column":49},"end":{"line":42,"column":62}}]},"3":{"loc":{"start":{"line":42,"column":49},"end":{"line":42,"column":57}},"type":"binary-expr","locations":[{"start":{"line":42,"column":49},"end":{"line":42,"column":57}},{"start":{"line":42,"column":49},"end":{"line":42,"column":57}}]}},"s":{"0":2,"1":2,"2":2,"3":2,"4":2,"5":2,"6":90,"7":90,"8":90,"9":90,"10":90,"11":90,"12":90,"13":290,"14":90,"15":90,"16":1,"17":1,"18":1,"19":1,"20":90,"21":1,"22":90,"23":90,"24":90,"25":2},"f":{"0":90,"1":290,"2":1,"3":1},"b":{"0":[0,1],"1":[1,1],"2":[0,1],"3":[1,1]}}
,"C:\\OpenServer5.3.5\\OSPanel\\domains\\touragency.local\\client\\src\\containers\\HomePage.tsx": {"path":"C:\\OpenServer5.3.5\\OSPanel\\domains\\touragency.local\\client\\src\\containers\\HomePage.tsx","statementMap":{"0":{"start":{"line":1,"column":0},"end":{"line":1,"column":26}},"1":{"start":{"line":2,"column":0},"end":{"line":2,"column":40}},"2":{"start":{"line":3,"column":0},"end":{"line":3,"column":39}},"3":{"start":{"line":5,"column":0},"end":{"line":5,"column":58}},"4":{"start":{"line":6,"column":0},"end":{"line":6,"column":34}},"5":{"start":{"line":8,"column":27},"end":{"line":36,"column":1}},"6":{"start":{"line":9,"column":16},"end":{"line":9,"column":33}},"7":{"start":{"line":10,"column":20},"end":{"line":10,"column":52}},"8":{"start":{"line":12,"column":2},"end":{"line":35,"column":4}},"9":{"start":{"line":28,"column":48},"end":{"line":28,"column":99}},"10":{"start":{"line":38,"column":14},"end":{"line":46,"column":null}},"11":{"start":{"line":43,"column":24},"end":{"line":43,"column":null}},"12":{"start":{"line":46,"column":24},"end":{"line":46,"column":null}},"13":{"start":{"line":50,"column":0},"end":{"line":50,"column":24}}},"fnMap":{"0":{"name":"(anonymous_2)","decl":{"start":{"line":8,"column":27},"end":{"line":8,"column":null}},"loc":{"start":{"line":8,"column":27},"end":{"line":36,"column":1}}},"1":{"name":"(anonymous_3)","decl":{"start":{"line":28,"column":30},"end":{"line":28,"column":31}},"loc":{"start":{"line":28,"column":43},"end":{"line":28,"column":49}}},"2":{"name":"(anonymous_4)","decl":{"start":{"line":43,"column":13},"end":{"line":43,"column":14}},"loc":{"start":{"line":43,"column":19},"end":{"line":43,"column":29}}},"3":{"name":"(anonymous_5)","decl":{"start":{"line":46,"column":13},"end":{"line":46,"column":14}},"loc":{"start":{"line":46,"column":19},"end":{"line":46,"column":29}}}},"branchMap":{"0":{"loc":{"start":{"line":24,"column":12},"end":{"line":24,"column":24}},"type":"cond-expr","locations":[{"start":{"line":24,"column":12},"end":{"line":24,"column":24}},{"start":{"line":26,"column":12},"end":{"line":28,"column":null}}]},"1":{"loc":{"start":{"line":38,"column":26},"end":{"line":38,"column":null}},"type":"binary-expr","locations":[{"start":{"line":38,"column":26},"end":{"line":38,"column":null}},{"start":{"line":38,"column":26},"end":{"line":48,"column":2}}]}},"s":{"0":2,"1":2,"2":2,"3":2,"4":2,"5":2,"6":6,"7":6,"8":6,"9":6,"10":2,"11":6,"12":6,"13":2},"f":{"0":6,"1":6,"2":6,"3":6},"b":{"0":[4,2],"1":[2,2]}}
,"C:\\OpenServer5.3.5\\OSPanel\\domains\\touragency.local\\client\\src\\containers\\PaginationContainer.tsx": {"path":"C:\\OpenServer5.3.5\\OSPanel\\domains\\touragency.local\\client\\src\\containers\\PaginationContainer.tsx","statementMap":{"0":{"start":{"line":1,"column":0},"end":{"line":1,"column":26}},"1":{"start":{"line":2,"column":0},"end":{"line":2,"column":42}},"2":{"start":{"line":3,"column":0},"end":{"line":3,"column":47}},"3":{"start":{"line":5,"column":0},"end":{"line":5,"column":46}},"4":{"start":{"line":6,"column":0},"end":{"line":6,"column":76}},"5":{"start":{"line":8,"column":0},"end":{"line":8,"column":58}},"6":{"start":{"line":9,"column":0},"end":{"line":9,"column":50}},"7":{"start":{"line":11,"column":38},"end":{"line":50,"column":1}},"8":{"start":{"line":12,"column":16},"end":{"line":12,"column":61}},"9":{"start":{"line":12,"column":39},"end":{"line":12,"column":61}},"10":{"start":{"line":13,"column":25},"end":{"line":13,"column":79}},"11":{"start":{"line":13,"column":48},"end":{"line":13,"column":79}},"12":{"start":{"line":14,"column":22},"end":{"line":14,"column":73}},"13":{"start":{"line":14,"column":45},"end":{"line":14,"column":73}},"14":{"start":{"line":16,"column":19},"end":{"line":16,"column":32}},"15":{"start":{"line":17,"column":27},"end":{"line":20,"column":3}},"16":{"start":{"line":18,"column":4},"end":{"line":18,"column":41}},"17":{"start":{"line":19,"column":4},"end":{"line":19,"column":95}},"18":{"start":{"line":21,"column":26},"end":{"line":23,"column":3}},"19":{"start":{"line":22,"column":4},"end":{"line":22,"column":38}},"20":{"start":{"line":24,"column":26},"end":{"line":26,"column":3}},"21":{"start":{"line":25,"column":4},"end":{"line":25,"column":38}},"22":{"start":{"line":28,"column":16},"end":{"line":28,"column":49}},"23":{"start":{"line":29,"column":16},"end":{"line":29,"column":18}},"24":{"start":{"line":32,"column":4},"end":{"line":39,"column":6}},"25":{"start":{"line":37,"column":27},"end":{"line":37,"column":null}},"26":{"start":{"line":31,"column":2},"end":{"line":40,"column":null}},"27":{"start":{"line":31,"column":15},"end":{"line":31,"column":16}},"28":{"start":{"line":31,"column":11},"end":{"line":31,"column":15}},"29":{"start":{"line":42,"column":26},"end":{"line":44,"column":4}},"30":{"start":{"line":46,"column":2},"end":{"line":49,"column":4}},"31":{"start":{"line":52,"column":0},"end":{"line":52,"column":35}}},"fnMap":{"0":{"name":"(anonymous_3)","decl":{"start":{"line":11,"column":38},"end":{"line":11,"column":null}},"loc":{"start":{"line":11,"column":38},"end":{"line":50,"column":1}}},"1":{"name":"(anonymous_4)","decl":{"start":{"line":12,"column":28},"end":{"line":12,"column":29}},"loc":{"start":{"line":12,"column":34},"end":{"line":12,"column":44}}},"2":{"name":"(anonymous_5)","decl":{"start":{"line":13,"column":37},"end":{"line":13,"column":38}},"loc":{"start":{"line":13,"column":43},"end":{"line":13,"column":53}}},"3":{"name":"(anonymous_6)","decl":{"start":{"line":14,"column":34},"end":{"line":14,"column":35}},"loc":{"start":{"line":14,"column":40},"end":{"line":14,"column":50}}},"4":{"name":"(anonymous_7)","decl":{"start":{"line":17,"column":27},"end":{"line":17,"column":28}},"loc":{"start":{"line":17,"column":46},"end":{"line":20,"column":3}}},"5":{"name":"(anonymous_8)","decl":{"start":{"line":21,"column":26},"end":{"line":21,"column":null}},"loc":{"start":{"line":21,"column":26},"end":{"line":23,"column":3}}},"6":{"name":"(anonymous_9)","decl":{"start":{"line":24,"column":26},"end":{"line":24,"column":null}},"loc":{"start":{"line":24,"column":26},"end":{"line":26,"column":3}}},"7":{"name":"(anonymous_11)","decl":{"start":{"line":37,"column":21},"end":{"line":37,"column":27}},"loc":{"start":{"line":37,"column":21},"end":{"line":37,"column":43}}}},"branchMap":{},"s":{"0":2,"1":2,"2":2,"3":2,"4":2,"5":2,"6":2,"7":2,"8":27,"9":62,"10":27,"11":62,"12":27,"13":62,"14":27,"15":27,"16":3,"17":3,"18":27,"19":1,"20":27,"21":1,"22":27,"23":27,"24":60,"25":1,"26":27,"27":27,"28":60,"29":27,"30":27,"31":2},"f":{"0":27,"1":62,"2":62,"3":62,"4":3,"5":1,"6":1,"7":1},"b":{}}
,"C:\\OpenServer5.3.5\\OSPanel\\domains\\touragency.local\\client\\src\\containers\\SingleTourPage.tsx": {"path":"C:\\OpenServer5.3.5\\OSPanel\\domains\\touragency.local\\client\\src\\containers\\SingleTourPage.tsx","statementMap":{"0":{"start":{"line":1,"column":0},"end":{"line":1,"column":41}},"1":{"start":{"line":2,"column":0},"end":{"line":2,"column":45}},"2":{"start":{"line":3,"column":0},"end":{"line":3,"column":42}},"3":{"start":{"line":5,"column":0},"end":{"line":5,"column":47}},"4":{"start":{"line":6,"column":0},"end":{"line":6,"column":64}},"5":{"start":{"line":8,"column":0},"end":{"line":8,"column":54}},"6":{"start":{"line":9,"column":0},"end":{"line":9,"column":48}},"7":{"start":{"line":10,"column":0},"end":{"line":10,"column":52}},"8":{"start":{"line":11,"column":0},"end":{"line":11,"column":56}},"9":{"start":{"line":17,"column":33},"end":{"line":59,"column":1}},"10":{"start":{"line":18,"column":17},"end":{"line":18,"column":42}},"11":{"start":{"line":19,"column":19},"end":{"line":19,"column":32}},"12":{"start":{"line":20,"column":15},"end":{"line":20,"column":59}},"13":{"start":{"line":20,"column":38},"end":{"line":20,"column":59}},"14":{"start":{"line":22,"column":2},"end":{"line":24,"column":11}},"15":{"start":{"line":23,"column":4},"end":{"line":23,"column":38}},"16":{"start":{"line":26,"column":2},"end":{"line":28,"column":null}},"17":{"start":{"line":27,"column":4},"end":{"line":27,"column":31}},"18":{"start":{"line":30,"column":2},"end":{"line":57,"column":null}},"19":{"start":{"line":31,"column":26},"end":{"line":31,"column":54}},"20":{"start":{"line":33,"column":4},"end":{"line":56,"column":6}},"21":{"start":{"line":58,"column":2},"end":{"line":58,"column":31}},"22":{"start":{"line":61,"column":0},"end":{"line":61,"column":30}}},"fnMap":{"0":{"name":"(anonymous_7)","decl":{"start":{"line":17,"column":33},"end":{"line":17,"column":null}},"loc":{"start":{"line":17,"column":33},"end":{"line":59,"column":1}}},"1":{"name":"(anonymous_8)","decl":{"start":{"line":20,"column":27},"end":{"line":20,"column":28}},"loc":{"start":{"line":20,"column":33},"end":{"line":20,"column":43}}},"2":{"name":"(anonymous_9)","decl":{"start":{"line":22,"column":12},"end":{"line":22,"column":null}},"loc":{"start":{"line":22,"column":12},"end":{"line":24,"column":3}}}},"branchMap":{"0":{"loc":{"start":{"line":26,"column":2},"end":{"line":28,"column":null}},"type":"if","locations":[{"start":{"line":26,"column":2},"end":{"line":28,"column":null}},{"start":{"line":26,"column":2},"end":{"line":28,"column":null}}]},"1":{"loc":{"start":{"line":30,"column":2},"end":{"line":57,"column":null}},"type":"if","locations":[{"start":{"line":30,"column":2},"end":{"line":57,"column":null}},{"start":{"line":30,"column":2},"end":{"line":57,"column":null}}]}},"s":{"0":1,"1":1,"2":1,"3":1,"4":1,"5":1,"6":1,"7":1,"8":1,"9":1,"10":4,"11":4,"12":4,"13":8,"14":4,"15":2,"16":4,"17":1,"18":3,"19":2,"20":2,"21":1,"22":1},"f":{"0":4,"1":8,"2":2},"b":{"0":[1,3],"1":[2,1]}}
,"C:\\OpenServer5.3.5\\OSPanel\\domains\\touragency.local\\client\\src\\containers\\TourFilterContainer.tsx": {"path":"C:\\OpenServer5.3.5\\OSPanel\\domains\\touragency.local\\client\\src\\containers\\TourFilterContainer.tsx","statementMap":{"0":{"start":{"line":1,"column":0},"end":{"line":1,"column":41}},"1":{"start":{"line":2,"column":0},"end":{"line":2,"column":32}},"2":{"start":{"line":3,"column":0},"end":{"line":3,"column":42}},"3":{"start":{"line":5,"column":0},"end":{"line":5,"column":47}},"4":{"start":{"line":6,"column":0},"end":{"line":6,"column":94}},"5":{"start":{"line":7,"column":0},"end":{"line":7,"column":84}},"6":{"start":{"line":9,"column":0},"end":{"line":9,"column":60}},"7":{"start":{"line":10,"column":0},"end":{"line":10,"column":50}},"8":{"start":{"line":23,"column":38},"end":{"line":134,"column":1}},"9":{"start":{"line":24,"column":37},"end":{"line":24,"column":80}},"10":{"start":{"line":24,"column":60},"end":{"line":24,"column":80}},"11":{"start":{"line":25,"column":25},"end":{"line":25,"column":79}},"12":{"start":{"line":25,"column":48},"end":{"line":25,"column":79}},"13":{"start":{"line":26,"column":19},"end":{"line":26,"column":67}},"14":{"start":{"line":26,"column":42},"end":{"line":26,"column":67}},"15":{"start":{"line":27,"column":19},"end":{"line":27,"column":67}},"16":{"start":{"line":27,"column":42},"end":{"line":27,"column":67}},"17":{"start":{"line":28,"column":19},"end":{"line":28,"column":32}},"18":{"start":{"line":30,"column":2},"end":{"line":32,"column":9}},"19":{"start":{"line":31,"column":4},"end":{"line":31,"column":33}},"20":{"start":{"line":34,"column":2},"end":{"line":133,"column":4}},"21":{"start":{"line":54,"column":18},"end":{"line":54,"column":24}},"22":{"start":{"line":56,"column":39},"end":{"line":56,"column":41}},"23":{"start":{"line":61,"column":16},"end":{"line":94,"column":null}},"24":{"start":{"line":62,"column":27},"end":{"line":62,"column":28}},"25":{"start":{"line":63,"column":18},"end":{"line":82,"column":null}},"26":{"start":{"line":64,"column":20},"end":{"line":64,"column":40}},"27":{"start":{"line":78,"column":40},"end":{"line":78,"column":59}},"28":{"start":{"line":79,"column":36},"end":{"line":79,"column":54}},"29":{"start":{"line":80,"column":20},"end":{"line":81,"column":92}},"30":{"start":{"line":81,"column":57},"end":{"line":81,"column":91}},"31":{"start":{"line":84,"column":18},"end":{"line":93,"column":20}},"32":{"start":{"line":60,"column":14},"end":{"line":95,"column":null}},"33":{"start":{"line":98,"column":14},"end":{"line":106,"column":null}},"34":{"start":{"line":99,"column":16},"end":{"line":99,"column":45}},"35":{"start":{"line":101,"column":21},"end":{"line":106,"column":null}},"36":{"start":{"line":103,"column":16},"end":{"line":103,"column":53}},"37":{"start":{"line":105,"column":16},"end":{"line":105,"column":41}},"38":{"start":{"line":108,"column":40},"end":{"line":119,"column":15}},"39":{"start":{"line":109,"column":16},"end":{"line":109,"column":32}},"40":{"start":{"line":110,"column":28},"end":{"line":110,"column":49}},"41":{"start":{"line":111,"column":16},"end":{"line":118,"column":null}},"42":{"start":{"line":112,"column":18},"end":{"line":112,"column":61}},"43":{"start":{"line":113,"column":18},"end":{"line":113,"column":46}},"44":{"start":{"line":114,"column":18},"end":{"line":117,"column":22}},"45":{"start":{"line":121,"column":38},"end":{"line":123,"column":16}},"46":{"start":{"line":125,"column":14},"end":{"line":128,"column":16}},"47":{"start":{"line":136,"column":0},"end":{"line":136,"column":35}}},"fnMap":{"0":{"name":"(anonymous_9)","decl":{"start":{"line":23,"column":38},"end":{"line":23,"column":null}},"loc":{"start":{"line":23,"column":38},"end":{"line":134,"column":1}}},"1":{"name":"(anonymous_10)","decl":{"start":{"line":24,"column":49},"end":{"line":24,"column":50}},"loc":{"start":{"line":24,"column":55},"end":{"line":24,"column":65}}},"2":{"name":"(anonymous_11)","decl":{"start":{"line":25,"column":37},"end":{"line":25,"column":38}},"loc":{"start":{"line":25,"column":43},"end":{"line":25,"column":53}}},"3":{"name":"(anonymous_12)","decl":{"start":{"line":26,"column":31},"end":{"line":26,"column":32}},"loc":{"start":{"line":26,"column":37},"end":{"line":26,"column":47}}},"4":{"name":"(anonymous_13)","decl":{"start":{"line":27,"column":31},"end":{"line":27,"column":32}},"loc":{"start":{"line":27,"column":37},"end":{"line":27,"column":47}}},"5":{"name":"(anonymous_14)","decl":{"start":{"line":30,"column":12},"end":{"line":30,"column":null}},"loc":{"start":{"line":30,"column":12},"end":{"line":32,"column":3}}},"6":{"name":"(anonymous_15)","decl":{"start":{"line":45,"column":18},"end":{"line":45,"column":19}},"loc":{"start":{"line":45,"column":25},"end":{"line":45,"column":32}}},"7":{"name":"(anonymous_16)","decl":{"start":{"line":48,"column":12},"end":{"line":48,"column":13}},"loc":{"start":{"line":48,"column":18},"end":{"line":129,"column":13}}},"8":{"name":"(anonymous_18)","decl":{"start":{"line":81,"column":40},"end":{"line":81,"column":41}},"loc":{"start":{"line":81,"column":52},"end":{"line":81,"column":68}}},"9":{"name":"(anonymous_19)","decl":{"start":{"line":108,"column":40},"end":{"line":108,"column":41}},"loc":{"start":{"line":108,"column":81},"end":{"line":119,"column":15}}}},"branchMap":{"0":{"loc":{"start":{"line":61,"column":16},"end":{"line":94,"column":null}},"type":"if","locations":[{"start":{"line":61,"column":16},"end":{"line":94,"column":null}},{"start":{"line":61,"column":16},"end":{"line":94,"column":null}}]},"1":{"loc":{"start":{"line":63,"column":18},"end":{"line":82,"column":null}},"type":"if","locations":[{"start":{"line":63,"column":18},"end":{"line":82,"column":null}},{"start":{"line":63,"column":18},"end":{"line":82,"column":null}}]},"2":{"loc":{"start":{"line":80,"column":28},"end":{"line":80,"column":39}},"type":"binary-expr","locations":[{"start":{"line":80,"column":28},"end":{"line":80,"column":39}},{"start":{"line":81,"column":27},"end":{"line":81,"column":91}}]},"3":{"loc":{"start":{"line":98,"column":14},"end":{"line":106,"column":null}},"type":"if","locations":[{"start":{"line":98,"column":14},"end":{"line":106,"column":null}},{"start":{"line":98,"column":14},"end":{"line":106,"column":null}}]},"4":{"loc":{"start":{"line":101,"column":21},"end":{"line":106,"column":null}},"type":"if","locations":[{"start":{"line":101,"column":21},"end":{"line":106,"column":null}},{"start":{"line":101,"column":21},"end":{"line":106,"column":null}}]},"5":{"loc":{"start":{"line":111,"column":16},"end":{"line":118,"column":null}},"type":"if","locations":[{"start":{"line":111,"column":16},"end":{"line":118,"column":null}},{"start":{"line":111,"column":16},"end":{"line":118,"column":null}}]}},"s":{"0":2,"1":2,"2":2,"3":2,"4":2,"5":2,"6":2,"7":2,"8":2,"9":37,"10":77,"11":37,"12":77,"13":37,"14":77,"15":37,"16":77,"17":37,"18":37,"19":10,"20":37,"21":164,"22":41,"23":246,"24":205,"25":205,"26":4,"27":201,"28":201,"29":201,"30":120,"31":205,"32":41,"33":41,"34":6,"35":35,"36":21,"37":14,"38":41,"39":1,"40":1,"41":1,"42":1,"43":1,"44":1,"45":41,"46":41,"47":2},"f":{"0":37,"1":77,"2":77,"3":77,"4":77,"5":10,"6":0,"7":41,"8":120,"9":1},"b":{"0":[205,41],"1":[4,201],"2":[201,33],"3":[6,35],"4":[21,14],"5":[1,0]}}
,"C:\\OpenServer5.3.5\\OSPanel\\domains\\touragency.local\\client\\src\\containers\\ToursPage.tsx": {"path":"C:\\OpenServer5.3.5\\OSPanel\\domains\\touragency.local\\client\\src\\containers\\ToursPage.tsx","statementMap":{"0":{"start":{"line":1,"column":0},"end":{"line":1,"column":41}},"1":{"start":{"line":2,"column":0},"end":{"line":2,"column":42}},"2":{"start":{"line":4,"column":0},"end":{"line":4,"column":47}},"3":{"start":{"line":5,"column":0},"end":{"line":5,"column":60}},"4":{"start":{"line":6,"column":0},"end":{"line":6,"column":46}},"5":{"start":{"line":8,"column":0},"end":{"line":8,"column":56}},"6":{"start":{"line":9,"column":0},"end":{"line":9,"column":56}},"7":{"start":{"line":10,"column":0},"end":{"line":10,"column":38}},"8":{"start":{"line":12,"column":27},"end":{"line":47,"column":1}},"9":{"start":{"line":13,"column":25},"end":{"line":13,"column":64}},"10":{"start":{"line":13,"column":48},"end":{"line":13,"column":64}},"11":{"start":{"line":14,"column":28},"end":{"line":14,"column":77}},"12":{"start":{"line":14,"column":51},"end":{"line":14,"column":77}},"13":{"start":{"line":15,"column":16},"end":{"line":15,"column":36}},"14":{"start":{"line":16,"column":16},"end":{"line":16,"column":36}},"15":{"start":{"line":17,"column":16},"end":{"line":17,"column":36}},"16":{"start":{"line":18,"column":22},"end":{"line":18,"column":48}},"17":{"start":{"line":19,"column":25},"end":{"line":19,"column":54}},"18":{"start":{"line":20,"column":19},"end":{"line":20,"column":32}},"19":{"start":{"line":22,"column":2},"end":{"line":24,"column":36}},"20":{"start":{"line":23,"column":4},"end":{"line":23,"column":74}},"21":{"start":{"line":26,"column":2},"end":{"line":28,"column":null}},"22":{"start":{"line":27,"column":4},"end":{"line":27,"column":26}},"23":{"start":{"line":30,"column":2},"end":{"line":46,"column":4}},"24":{"start":{"line":38,"column":38},"end":{"line":38,"column":73}},"25":{"start":{"line":49,"column":0},"end":{"line":49,"column":25}}},"fnMap":{"0":{"name":"(anonymous_9)","decl":{"start":{"line":12,"column":27},"end":{"line":12,"column":null}},"loc":{"start":{"line":12,"column":27},"end":{"line":47,"column":1}}},"1":{"name":"(anonymous_10)","decl":{"start":{"line":13,"column":37},"end":{"line":13,"column":38}},"loc":{"start":{"line":13,"column":43},"end":{"line":13,"column":53}}},"2":{"name":"(anonymous_11)","decl":{"start":{"line":14,"column":40},"end":{"line":14,"column":41}},"loc":{"start":{"line":14,"column":46},"end":{"line":14,"column":56}}},"3":{"name":"(anonymous_12)","decl":{"start":{"line":22,"column":12},"end":{"line":22,"column":null}},"loc":{"start":{"line":22,"column":12},"end":{"line":24,"column":3}}},"4":{"name":"(anonymous_13)","decl":{"start":{"line":38,"column":28},"end":{"line":38,"column":29}},"loc":{"start":{"line":38,"column":33},"end":{"line":38,"column":39}}}},"branchMap":{"0":{"loc":{"start":{"line":26,"column":2},"end":{"line":28,"column":null}},"type":"if","locations":[{"start":{"line":26,"column":2},"end":{"line":28,"column":null}},{"start":{"line":26,"column":2},"end":{"line":28,"column":null}}]},"1":{"loc":{"start":{"line":33,"column":9},"end":{"line":33,"column":27}},"type":"binary-expr","locations":[{"start":{"line":33,"column":9},"end":{"line":33,"column":27}},{"start":{"line":33,"column":31},"end":{"line":33,"column":54}}]},"2":{"loc":{"start":{"line":38,"column":18},"end":{"line":38,"column":73}},"type":"cond-expr","locations":[{"start":{"line":38,"column":18},"end":{"line":38,"column":73}},{"start":{"line":39,"column":18},"end":{"line":39,"column":147}}]},"3":{"loc":{"start":{"line":44,"column":42},"end":{"line":44,"column":65}},"type":"cond-expr","locations":[{"start":{"line":44,"column":42},"end":{"line":44,"column":65}},{"start":{"line":44,"column":68},"end":{"line":44,"column":73}}]},"4":{"loc":{"start":{"line":44,"column":8},"end":{"line":44,"column":13}},"type":"binary-expr","locations":[{"start":{"line":44,"column":8},"end":{"line":44,"column":13}},{"start":{"line":44,"column":17},"end":{"line":44,"column":39}}]}},"s":{"0":2,"1":2,"2":2,"3":2,"4":2,"5":2,"6":2,"7":2,"8":2,"9":32,"10":72,"11":32,"12":72,"13":32,"14":32,"15":32,"16":32,"17":32,"18":32,"19":32,"20":15,"21":32,"22":1,"23":31,"24":122,"25":2},"f":{"0":32,"1":72,"2":72,"3":15,"4":122},"b":{"0":[1,31],"1":[31,31],"2":[27,4],"3":[27,4],"4":[31,27]}}
,"C:\\OpenServer5.3.5\\OSPanel\\domains\\touragency.local\\client\\src\\containers\\WorldMap.tsx": {"path":"C:\\OpenServer5.3.5\\OSPanel\\domains\\touragency.local\\client\\src\\containers\\WorldMap.tsx","statementMap":{"0":{"start":{"line":1,"column":0},"end":{"line":1,"column":null}},"1":{"start":{"line":4,"column":0},"end":{"line":4,"column":57}},"2":{"start":{"line":5,"column":0},"end":{"line":5,"column":46}},"3":{"start":{"line":6,"column":0},"end":{"line":6,"column":42}},"4":{"start":{"line":7,"column":0},"end":{"line":7,"column":57}},"5":{"start":{"line":9,"column":0},"end":{"line":9,"column":56}},"6":{"start":{"line":11,"column":0},"end":{"line":11,"column":47}},"7":{"start":{"line":13,"column":27},"end":{"line":85,"column":1}},"8":{"start":{"line":14,"column":16},"end":{"line":14,"column":40}},"9":{"start":{"line":15,"column":24},"end":{"line":15,"column":52}},"10":{"start":{"line":16,"column":20},"end":{"line":16,"column":49}},"11":{"start":{"line":17,"column":18},"end":{"line":17,"column":30}},"12":{"start":{"line":18,"column":19},"end":{"line":18,"column":32}},"13":{"start":{"line":19,"column":46},"end":{"line":19,"column":57}},"14":{"start":{"line":19,"column":23},"end":{"line":19,"column":25}},"15":{"start":{"line":19,"column":42},"end":{"line":19,"column":46}},"16":{"start":{"line":21,"column":21},"end":{"line":56,"column":4}},"17":{"start":{"line":23,"column":24},"end":{"line":23,"column":41}},"18":{"start":{"line":24,"column":25},"end":{"line":24,"column":62}},"19":{"start":{"line":27,"column":8},"end":{"line":38,"column":null}},"20":{"start":{"line":32,"column":10},"end":{"line":32,"column":105}},"21":{"start":{"line":33,"column":10},"end":{"line":33,"column":106}},"22":{"start":{"line":36,"column":10},"end":{"line":36,"column":74}},"23":{"start":{"line":37,"column":10},"end":{"line":37,"column":55}},"24":{"start":{"line":40,"column":8},"end":{"line":40,"column":40}},"25":{"start":{"line":41,"column":8},"end":{"line":41,"column":38}},"26":{"start":{"line":42,"column":8},"end":{"line":42,"column":107}},"27":{"start":{"line":43,"column":8},"end":{"line":43,"column":46}},"28":{"start":{"line":46,"column":8},"end":{"line":46,"column":55}},"29":{"start":{"line":49,"column":25},"end":{"line":49,"column":109}},"30":{"start":{"line":50,"column":27},"end":{"line":50,"column":109}},"31":{"start":{"line":51,"column":6},"end":{"line":54,"column":null}},"32":{"start":{"line":52,"column":8},"end":{"line":52,"column":52}},"33":{"start":{"line":53,"column":8},"end":{"line":53,"column":31}},"34":{"start":{"line":58,"column":2},"end":{"line":66,"column":9}},"35":{"start":{"line":59,"column":19},"end":{"line":59,"column":63}},"36":{"start":{"line":60,"column":23},"end":{"line":60,"column":72}},"37":{"start":{"line":61,"column":25},"end":{"line":61,"column":49}},"38":{"start":{"line":63,"column":23},"end":{"line":63,"column":57}},"39":{"start":{"line":64,"column":19},"end":{"line":64,"column":43}},"40":{"start":{"line":65,"column":6},"end":{"line":65,"column":30}},"41":{"start":{"line":68,"column":2},"end":{"line":84,"column":4}},"42":{"start":{"line":87,"column":19},"end":{"line":97,"column":null}},"43":{"start":{"line":90,"column":23},"end":{"line":90,"column":null}},"44":{"start":{"line":94,"column":25},"end":{"line":94,"column":null}},"45":{"start":{"line":97,"column":25},"end":{"line":97,"column":null}},"46":{"start":{"line":103,"column":0},"end":{"line":103,"column":24}}},"fnMap":{"0":{"name":"(anonymous_10)","decl":{"start":{"line":13,"column":27},"end":{"line":13,"column":null}},"loc":{"start":{"line":13,"column":27},"end":{"line":85,"column":1}}},"1":{"name":"(anonymous_11)","decl":{"start":{"line":22,"column":18},"end":{"line":22,"column":19}},"loc":{"start":{"line":22,"column":38},"end":{"line":44,"column":5}}},"2":{"name":"(anonymous_12)","decl":{"start":{"line":45,"column":18},"end":{"line":45,"column":null}},"loc":{"start":{"line":45,"column":18},"end":{"line":47,"column":5}}},"3":{"name":"(anonymous_13)","decl":{"start":{"line":48,"column":13},"end":{"line":48,"column":14}},"loc":{"start":{"line":48,"column":33},"end":{"line":55,"column":5}}},"4":{"name":"(anonymous_14)","decl":{"start":{"line":58,"column":12},"end":{"line":58,"column":null}},"loc":{"start":{"line":58,"column":12},"end":{"line":66,"column":3}}},"5":{"name":"(anonymous_15)","decl":{"start":{"line":90,"column":12},"end":{"line":90,"column":13}},"loc":{"start":{"line":90,"column":18},"end":{"line":90,"column":28}}},"6":{"name":"(anonymous_16)","decl":{"start":{"line":94,"column":14},"end":{"line":94,"column":15}},"loc":{"start":{"line":94,"column":20},"end":{"line":94,"column":30}}},"7":{"name":"(anonymous_17)","decl":{"start":{"line":97,"column":14},"end":{"line":97,"column":15}},"loc":{"start":{"line":97,"column":20},"end":{"line":97,"column":30}}}},"branchMap":{"0":{"loc":{"start":{"line":27,"column":8},"end":{"line":38,"column":null}},"type":"if","locations":[{"start":{"line":27,"column":8},"end":{"line":38,"column":null}},{"start":{"line":27,"column":8},"end":{"line":38,"column":null}}]},"1":{"loc":{"start":{"line":27,"column":12},"end":{"line":27,"column":31}},"type":"binary-expr","locations":[{"start":{"line":27,"column":12},"end":{"line":27,"column":31}},{"start":{"line":27,"column":35},"end":{"line":27,"column":55}}]},"2":{"loc":{"start":{"line":51,"column":6},"end":{"line":54,"column":null}},"type":"if","locations":[{"start":{"line":51,"column":6},"end":{"line":54,"column":null}},{"start":{"line":51,"column":6},"end":{"line":54,"column":null}}]},"3":{"loc":{"start":{"line":87,"column":36},"end":{"line":87,"column":null}},"type":"binary-expr","locations":[{"start":{"line":87,"column":36},"end":{"line":87,"column":null}},{"start":{"line":87,"column":36},"end":{"line":101,"column":2}}]}},"s":{"0":2,"1":2,"2":2,"3":2,"4":2,"5":2,"6":2,"7":2,"8":8,"9":8,"10":8,"11":8,"12":8,"13":8,"14":8,"15":8,"16":8,"17":3,"18":3,"19":3,"20":2,"21":2,"22":1,"23":1,"24":3,"25":3,"26":3,"27":3,"28":1,"29":1,"30":1,"31":1,"32":1,"33":1,"34":8,"35":4,"36":4,"37":4,"38":4,"39":4,"40":4,"41":8,"42":2,"43":8,"44":8,"45":8,"46":2},"f":{"0":8,"1":3,"2":1,"3":1,"4":4,"5":8,"6":8,"7":8},"b":{"0":[2,1],"1":[3,2],"2":[1,0],"3":[2,2]}}
,"C:\\OpenServer5.3.5\\OSPanel\\domains\\touragency.local\\client\\src\\hooks\\useSelector.ts": {"path":"C:\\OpenServer5.3.5\\OSPanel\\domains\\touragency.local\\client\\src\\hooks\\useSelector.ts","statementMap":{"0":{"start":{"line":1,"column":0},"end":{"line":1,"column":49}},"1":{"start":{"line":12,"column":20},"end":{"line":12,"column":52}},"2":{"start":{"line":14,"column":0},"end":{"line":14,"column":27}}},"fnMap":{},"branchMap":{},"s":{"0":3,"1":3,"2":3},"f":{},"b":{}}
,"C:\\OpenServer5.3.5\\OSPanel\\domains\\touragency.local\\client\\src\\reducers\\filterOptions.ts": {"path":"C:\\OpenServer5.3.5\\OSPanel\\domains\\touragency.local\\client\\src\\reducers\\filterOptions.ts","statementMap":{"0":{"start":{"line":2,"column":0},"end":{"line":2,"column":66}},"1":{"start":{"line":4,"column":13},"end":{"line":11,"column":2}},"2":{"start":{"line":13,"column":29},"end":{"line":24,"column":1}},"3":{"start":{"line":13,"column":30},"end":{"line":13,"column":65}},"4":{"start":{"line":16,"column":1},"end":{"line":23,"column":null}},"5":{"start":{"line":18,"column":3},"end":{"line":18,"column":45}},"6":{"start":{"line":20,"column":3},"end":{"line":20,"column":42}},"7":{"start":{"line":22,"column":3},"end":{"line":22,"column":16}},"8":{"start":{"line":26,"column":0},"end":{"line":26,"column":36}}},"fnMap":{"0":{"name":"(anonymous_2)","decl":{"start":{"line":13,"column":29},"end":{"line":13,"column":30}},"loc":{"start":{"line":14,"column":24},"end":{"line":24,"column":1}}}},"branchMap":{"0":{"loc":{"start":{"line":13,"column":30},"end":{"line":13,"column":65}},"type":"if","locations":[{"start":{"line":13,"column":30},"end":{"line":13,"column":65}},{"start":{"line":13,"column":30},"end":{"line":13,"column":65}}]},"1":{"loc":{"start":{"line":17,"column":2},"end":{"line":18,"column":45}},"type":"switch","locations":[{"start":{"line":17,"column":2},"end":{"line":18,"column":45}},{"start":{"line":19,"column":2},"end":{"line":20,"column":42}},{"start":{"line":21,"column":2},"end":{"line":22,"column":16}}]}},"s":{"0":5,"1":5,"2":5,"3":62,"4":49,"5":7,"6":1,"7":41,"8":5},"f":{"0":49},"b":{"0":[13,36],"1":[7,1,41]}}
,"C:\\OpenServer5.3.5\\OSPanel\\domains\\touragency.local\\client\\src\\reducers\\index.ts": {"path":"C:\\OpenServer5.3.5\\OSPanel\\domains\\touragency.local\\client\\src\\reducers\\index.ts","statementMap":{"0":{"start":{"line":1,"column":0},"end":{"line":1,"column":40}},"1":{"start":{"line":2,"column":0},"end":{"line":2,"column":36}},"2":{"start":{"line":3,"column":0},"end":{"line":3,"column":51}},"3":{"start":{"line":4,"column":0},"end":{"line":4,"column":46}},"4":{"start":{"line":6,"column":20},"end":{"line":10,"column":2}},"5":{"start":{"line":12,"column":0},"end":{"line":12,"column":27}}},"fnMap":{},"branchMap":{},"s":{"0":4,"1":4,"2":4,"3":4,"4":4,"5":4},"f":{},"b":{}}
,"C:\\OpenServer5.3.5\\OSPanel\\domains\\touragency.local\\client\\src\\reducers\\singleTourPage.ts": {"path":"C:\\OpenServer5.3.5\\OSPanel\\domains\\touragency.local\\client\\src\\reducers\\singleTourPage.ts","statementMap":{"0":{"start":{"line":3,"column":0},"end":{"line":3,"column":70}},"1":{"start":{"line":5,"column":13},"end":{"line":16,"column":2}},"2":{"start":{"line":22,"column":23},"end":{"line":34,"column":1}},"3":{"start":{"line":23,"column":2},"end":{"line":23,"column":null}},"4":{"start":{"line":26,"column":1},"end":{"line":33,"column":null}},"5":{"start":{"line":28,"column":3},"end":{"line":28,"column":39}},"6":{"start":{"line":30,"column":3},"end":{"line":30,"column":42}},"7":{"start":{"line":32,"column":3},"end":{"line":32,"column":16}},"8":{"start":{"line":36,"column":0},"end":{"line":36,"column":30}}},"fnMap":{"0":{"name":"(anonymous_2)","decl":{"start":{"line":22,"column":23},"end":{"line":22,"column":null}},"loc":{"start":{"line":24,"column":52},"end":{"line":34,"column":1}}}},"branchMap":{"0":{"loc":{"start":{"line":23,"column":2},"end":{"line":23,"column":null}},"type":"if","locations":[{"start":{"line":23,"column":2},"end":{"line":23,"column":null}},{"start":{"line":23,"column":2},"end":{"line":23,"column":null}}]},"1":{"loc":{"start":{"line":27,"column":2},"end":{"line":28,"column":39}},"type":"switch","locations":[{"start":{"line":27,"column":2},"end":{"line":28,"column":39}},{"start":{"line":29,"column":2},"end":{"line":30,"column":42}},{"start":{"line":31,"column":2},"end":{"line":32,"column":16}}]}},"s":{"0":5,"1":5,"2":5,"3":62,"4":49,"5":2,"6":2,"7":45,"8":5},"f":{"0":49},"b":{"0":[13,36],"1":[2,2,45]}}
,"C:\\OpenServer5.3.5\\OSPanel\\domains\\touragency.local\\client\\src\\reducers\\toursPage.ts": {"path":"C:\\OpenServer5.3.5\\OSPanel\\domains\\touragency.local\\client\\src\\reducers\\toursPage.ts","statementMap":{"0":{"start":{"line":4,"column":0},"end":{"line":4,"column":null}},"1":{"start":{"line":17,"column":13},"end":{"line":25,"column":2}},"2":{"start":{"line":27,"column":18},"end":{"line":46,"column":1}},"3":{"start":{"line":27,"column":19},"end":{"line":27,"column":50}},"4":{"start":{"line":28,"column":1},"end":{"line":45,"column":null}},"5":{"start":{"line":30,"column":3},"end":{"line":35,"column":null}},"6":{"start":{"line":38,"column":3},"end":{"line":38,"column":56}},"7":{"start":{"line":40,"column":3},"end":{"line":40,"column":93}},"8":{"start":{"line":42,"column":3},"end":{"line":42,"column":42}},"9":{"start":{"line":44,"column":3},"end":{"line":44,"column":16}},"10":{"start":{"line":48,"column":0},"end":{"line":48,"column":25}}},"fnMap":{"0":{"name":"(anonymous_3)","decl":{"start":{"line":27,"column":18},"end":{"line":27,"column":19}},"loc":{"start":{"line":27,"column":73},"end":{"line":46,"column":1}}}},"branchMap":{"0":{"loc":{"start":{"line":27,"column":19},"end":{"line":27,"column":50}},"type":"if","locations":[{"start":{"line":27,"column":19},"end":{"line":27,"column":50}},{"start":{"line":27,"column":19},"end":{"line":27,"column":50}}]},"1":{"loc":{"start":{"line":29,"column":2},"end":{"line":35,"column":null}},"type":"switch","locations":[{"start":{"line":29,"column":2},"end":{"line":35,"column":null}},{"start":{"line":37,"column":2},"end":{"line":38,"column":56}},{"start":{"line":39,"column":2},"end":{"line":40,"column":93}},{"start":{"line":41,"column":2},"end":{"line":42,"column":42}},{"start":{"line":43,"column":2},"end":{"line":44,"column":16}}]}},"s":{"0":5,"1":5,"2":5,"3":64,"4":51,"5":17,"6":6,"7":5,"8":2,"9":21,"10":5},"f":{"0":51},"b":{"0":[13,38],"1":[17,6,5,2,21]}}
,"C:\\OpenServer5.3.5\\OSPanel\\domains\\touragency.local\\client\\src\\utils\\styled-components.ts": {"path":"C:\\OpenServer5.3.5\\OSPanel\\domains\\touragency.local\\client\\src\\utils\\styled-components.ts","statementMap":{"0":{"start":{"line":1,"column":0},"end":{"line":1,"column":68}},"1":{"start":{"line":3,"column":13},"end":{"line":12,"column":2}},"2":{"start":{"line":14,"column":13},"end":{"line":27,"column":null}},"3":{"start":{"line":27,"column":24},"end":{"line":27,"column":null}},"4":{"start":{"line":80,"column":20},"end":{"line":82,"column":null}},"5":{"start":{"line":81,"column":10},"end":{"line":81,"column":12}},"6":{"start":{"line":81,"column":16},"end":{"line":81,"column":18}},"7":{"start":{"line":81,"column":25},"end":{"line":81,"column":27}},"8":{"start":{"line":81,"column":32},"end":{"line":81,"column":null}},"9":{"start":{"line":82,"column":13},"end":{"line":87,"column":3}},"10":{"start":{"line":80,"column":13},"end":{"line":80,"column":20}}},"fnMap":{"0":{"name":"(anonymous_1)","decl":{"start":{"line":27,"column":13},"end":{"line":27,"column":14}},"loc":{"start":{"line":27,"column":19},"end":{"line":27,"column":29}}},"1":{"name":"(anonymous_2)","decl":{"start":{"line":80,"column":20},"end":{"line":80,"column":21}},"loc":{"start":{"line":82,"column":8},"end":{"line":82,"column":null}}}},"branchMap":{"0":{"loc":{"start":{"line":14,"column":44},"end":{"line":14,"column":null}},"type":"binary-expr","locations":[{"start":{"line":14,"column":44},"end":{"line":14,"column":null}},{"start":{"line":14,"column":44},"end":{"line":71,"column":2}}]},"1":{"loc":{"start":{"line":84,"column":16},"end":{"line":84,"column":25}},"type":"binary-expr","locations":[{"start":{"line":84,"column":16},"end":{"line":84,"column":25}},{"start":{"line":84,"column":29},"end":{"line":84,"column":34}}]},"2":{"loc":{"start":{"line":84,"column":38},"end":{"line":84,"column":42}},"type":"binary-expr","locations":[{"start":{"line":84,"column":38},"end":{"line":84,"column":42}},{"start":{"line":84,"column":46},"end":{"line":84,"column":54}}]},"3":{"loc":{"start":{"line":85,"column":22},"end":{"line":85,"column":29}},"type":"binary-expr","locations":[{"start":{"line":85,"column":22},"end":{"line":85,"column":29}},{"start":{"line":85,"column":33},"end":{"line":85,"column":45}}]},"4":{"loc":{"start":{"line":86,"column":18},"end":{"line":86,"column":23}},"type":"binary-expr","locations":[{"start":{"line":86,"column":18},"end":{"line":86,"column":23}},{"start":{"line":86,"column":27},"end":{"line":86,"column":35}}]}},"s":{"0":5,"1":5,"2":5,"3":15,"4":5,"5":32,"6":32,"7":32,"8":32,"9":32,"10":5},"f":{"0":15,"1":32},"b":{"0":[5,5],"1":[32,17],"2":[32,28],"3":[32,20],"4":[32,21]}}
,"C:\\OpenServer5.3.5\\OSPanel\\domains\\touragency.local\\client\\src\\utils\\utilsForTesting.tsx": {"path":"C:\\OpenServer5.3.5\\OSPanel\\domains\\touragency.local\\client\\src\\utils\\utilsForTesting.tsx","statementMap":{"0":{"start":{"line":1,"column":0},"end":{"line":1,"column":26}},"1":{"start":{"line":3,"column":0},"end":{"line":3,"column":48}},"2":{"start":{"line":4,"column":0},"end":{"line":4,"column":39}},"3":{"start":{"line":5,"column":0},"end":{"line":5,"column":49}},"4":{"start":{"line":6,"column":0},"end":{"line":6,"column":50}},"5":{"start":{"line":7,"column":0},"end":{"line":7,"column":29}},"6":{"start":{"line":8,"column":0},"end":{"line":8,"column":44}},"7":{"start":{"line":10,"column":35},"end":{"line":19,"column":2}},"8":{"start":{"line":10,"column":60},"end":{"line":10,"column":90}},"9":{"start":{"line":10,"column":78},"end":{"line":10,"column":85}},"10":{"start":{"line":10,"column":90},"end":{"line":19,"column":2}},"11":{"start":{"line":21,"column":0},"end":{"line":21,"column":42}}},"fnMap":{"0":{"name":"(anonymous_2)","decl":{"start":{"line":10,"column":35},"end":{"line":10,"column":36}},"loc":{"start":{"line":10,"column":85},"end":{"line":19,"column":2}}}},"branchMap":{"0":{"loc":{"start":{"line":10,"column":60},"end":{"line":10,"column":90}},"type":"if","locations":[{"start":{"line":10,"column":60},"end":{"line":10,"column":90}},{"start":{"line":10,"column":60},"end":{"line":10,"column":90}}]}},"s":{"0":4,"1":4,"2":4,"3":4,"4":4,"5":4,"6":4,"7":4,"8":30,"9":15,"10":15,"11":4},"f":{"0":15},"b":{"0":[15,0]}}
}
