{"C:\\OpenServer5.3.5\\OSPanel\\domains\\touragency.local\\client\\src\\constants.ts": {"path":"C:\\OpenServer5.3.5\\OSPanel\\domains\\touragency.local\\client\\src\\constants.ts","statementMap":{"0":{"start":{"line":1,"column":13},"end":{"line":1,"column":49}},"1":{"start":{"line":2,"column":13},"end":{"line":2,"column":37}},"2":{"start":{"line":3,"column":13},"end":{"line":3,"column":56}},"3":{"start":{"line":4,"column":13},"end":{"line":4,"column":51}},"4":{"start":{"line":5,"column":13},"end":{"line":5,"column":32}},"5":{"start":{"line":6,"column":13},"end":{"line":6,"column":49}},"6":{"start":{"line":7,"column":13},"end":{"line":7,"column":43}},"7":{"start":{"line":8,"column":13},"end":{"line":8,"column":53}},"8":{"start":{"line":9,"column":13},"end":{"line":9,"column":61}},"9":{"start":{"line":10,"column":13},"end":{"line":10,"column":134}}},"fnMap":{},"branchMap":{},"s":{"0":6,"1":6,"2":6,"3":6,"4":6,"5":6,"6":6,"7":6,"8":6,"9":6},"f":{},"b":{}}
,"C:\\OpenServer5.3.5\\OSPanel\\domains\\touragency.local\\client\\src\\actions\\filterOptions.ts": {"path":"C:\\OpenServer5.3.5\\OSPanel\\domains\\touragency.local\\client\\src\\actions\\filterOptions.ts","statementMap":{"0":{"start":{"line":2,"column":0},"end":{"line":2,"column":26}},"1":{"start":{"line":3,"column":0},"end":{"line":3,"column":null}},"2":{"start":{"line":26,"column":29},"end":{"line":26,"column":81}},"3":{"start":{"line":26,"column":80},"end":{"line":29,"column":3}},"4":{"start":{"line":26,"column":13},"end":{"line":26,"column":29}},"5":{"start":{"line":36,"column":31},"end":{"line":36,"column":73}},"6":{"start":{"line":36,"column":72},"end":{"line":39,"column":3}},"7":{"start":{"line":36,"column":13},"end":{"line":36,"column":31}},"8":{"start":{"line":41,"column":34},"end":{"line":63,"column":1}},"9":{"start":{"line":43,"column":18},"end":{"line":43,"column":34}},"10":{"start":{"line":45,"column":1},"end":{"line":62,"column":4}},"11":{"start":{"line":57,"column":2},"end":{"line":57,"column":60}},"12":{"start":{"line":60,"column":2},"end":{"line":60,"column":21}},"13":{"start":{"line":61,"column":2},"end":{"line":61,"column":47}},"14":{"start":{"line":41,"column":13},"end":{"line":41,"column":34}}},"fnMap":{"0":{"name":"(anonymous_0)","decl":{"start":{"line":26,"column":29},"end":{"line":26,"column":30}},"loc":{"start":{"line":26,"column":53},"end":{"line":26,"column":81}}},"1":{"name":"(anonymous_1)","decl":{"start":{"line":36,"column":31},"end":{"line":36,"column":32}},"loc":{"start":{"line":36,"column":43},"end":{"line":36,"column":73}}},"2":{"name":"(anonymous_2)","decl":{"start":{"line":41,"column":34},"end":{"line":41,"column":35}},"loc":{"start":{"line":42,"column":25},"end":{"line":63,"column":1}}},"3":{"name":"(anonymous_3)","decl":{"start":{"line":56,"column":9},"end":{"line":56,"column":10}},"loc":{"start":{"line":56,"column":18},"end":{"line":58,"column":2}}},"4":{"name":"(anonymous_4)","decl":{"start":{"line":58,"column":10},"end":{"line":58,"column":11}},"loc":{"start":{"line":58,"column":16},"end":{"line":62,"column":2}}}},"branchMap":{},"s":{"0":2,"1":2,"2":2,"3":2,"4":2,"5":2,"6":2,"7":2,"8":2,"9":2,"10":2,"11":2,"12":1,"13":1,"14":2},"f":{"0":2,"1":2,"2":2,"3":2,"4":1},"b":{}}
,"C:\\OpenServer5.3.5\\OSPanel\\domains\\touragency.local\\client\\src\\actions\\singleTourPage.ts": {"path":"C:\\OpenServer5.3.5\\OSPanel\\domains\\touragency.local\\client\\src\\actions\\singleTourPage.ts","statementMap":{"0":{"start":{"line":2,"column":0},"end":{"line":2,"column":26}},"1":{"start":{"line":3,"column":0},"end":{"line":3,"column":89}},"2":{"start":{"line":11,"column":23},"end":{"line":11,"column":57}},"3":{"start":{"line":11,"column":56},"end":{"line":14,"column":3}},"4":{"start":{"line":11,"column":13},"end":{"line":11,"column":23}},"5":{"start":{"line":21,"column":34},"end":{"line":21,"column":79}},"6":{"start":{"line":21,"column":78},"end":{"line":24,"column":3}},"7":{"start":{"line":21,"column":13},"end":{"line":21,"column":34}},"8":{"start":{"line":26,"column":35},"end":{"line":26,"column":null}},"9":{"start":{"line":26,"column":51},"end":{"line":55,"column":2}},"10":{"start":{"line":27,"column":69},"end":{"line":54,"column":null}},"11":{"start":{"line":48,"column":3},"end":{"line":48,"column":44}},"12":{"start":{"line":51,"column":3},"end":{"line":51,"column":22}},"13":{"start":{"line":52,"column":3},"end":{"line":52,"column":51}},"14":{"start":{"line":26,"column":13},"end":{"line":26,"column":35}}},"fnMap":{"0":{"name":"(anonymous_0)","decl":{"start":{"line":11,"column":23},"end":{"line":11,"column":24}},"loc":{"start":{"line":11,"column":35},"end":{"line":11,"column":57}}},"1":{"name":"(anonymous_1)","decl":{"start":{"line":21,"column":34},"end":{"line":21,"column":35}},"loc":{"start":{"line":21,"column":46},"end":{"line":21,"column":79}}},"2":{"name":"(anonymous_2)","decl":{"start":{"line":26,"column":35},"end":{"line":26,"column":36}},"loc":{"start":{"line":26,"column":46},"end":{"line":26,"column":null}}},"3":{"name":"(anonymous_3)","decl":{"start":{"line":27,"column":1},"end":{"line":27,"column":2}},"loc":{"start":{"line":27,"column":64},"end":{"line":27,"column":null}}},"4":{"name":"(anonymous_4)","decl":{"start":{"line":47,"column":10},"end":{"line":47,"column":11}},"loc":{"start":{"line":47,"column":14},"end":{"line":49,"column":3}}},"5":{"name":"(anonymous_5)","decl":{"start":{"line":49,"column":11},"end":{"line":49,"column":12}},"loc":{"start":{"line":49,"column":17},"end":{"line":53,"column":3}}}},"branchMap":{},"s":{"0":2,"1":2,"2":2,"3":3,"4":2,"5":2,"6":3,"7":2,"8":2,"9":2,"10":2,"11":2,"12":1,"13":1,"14":2},"f":{"0":3,"1":3,"2":2,"3":2,"4":2,"5":1},"b":{}}
,"C:\\OpenServer5.3.5\\OSPanel\\domains\\touragency.local\\client\\src\\actions\\toursPage.ts": {"path":"C:\\OpenServer5.3.5\\OSPanel\\domains\\touragency.local\\client\\src\\actions\\toursPage.ts","statementMap":{"0":{"start":{"line":2,"column":0},"end":{"line":2,"column":26}},"1":{"start":{"line":3,"column":0},"end":{"line":3,"column":null}},"2":{"start":{"line":41,"column":24},"end":{"line":41,"column":69}},"3":{"start":{"line":41,"column":68},"end":{"line":44,"column":3}},"4":{"start":{"line":41,"column":13},"end":{"line":41,"column":24}},"5":{"start":{"line":51,"column":29},"end":{"line":51,"column":69}},"6":{"start":{"line":51,"column":68},"end":{"line":54,"column":3}},"7":{"start":{"line":51,"column":13},"end":{"line":51,"column":29}},"8":{"start":{"line":62,"column":36},"end":{"line":62,"column":null}},"9":{"start":{"line":62,"column":37},"end":{"line":62,"column":72}},"10":{"start":{"line":62,"column":72},"end":{"line":107,"column":2}},"11":{"start":{"line":66,"column":3},"end":{"line":78,"column":null}},"12":{"start":{"line":67,"column":27},"end":{"line":67,"column":53}},"13":{"start":{"line":68,"column":17},"end":{"line":68,"column":44}},"14":{"start":{"line":69,"column":4},"end":{"line":77,"column":null}},"15":{"start":{"line":70,"column":39},"end":{"line":70,"column":41}},"16":{"start":{"line":71,"column":5},"end":{"line":75,"column":8}},"17":{"start":{"line":72,"column":6},"end":{"line":74,"column":null}},"18":{"start":{"line":73,"column":7},"end":{"line":73,"column":59}},"19":{"start":{"line":76,"column":5},"end":{"line":76,"column":79}},"20":{"start":{"line":80,"column":3},"end":{"line":105,"column":6}},"21":{"start":{"line":100,"column":4},"end":{"line":100,"column":47}},"22":{"start":{"line":103,"column":4},"end":{"line":103,"column":23}},"23":{"start":{"line":104,"column":4},"end":{"line":104,"column":47}},"24":{"start":{"line":62,"column":13},"end":{"line":62,"column":36}},"25":{"start":{"line":114,"column":30},"end":{"line":114,"column":79}},"26":{"start":{"line":114,"column":78},"end":{"line":117,"column":3}},"27":{"start":{"line":114,"column":13},"end":{"line":114,"column":30}},"28":{"start":{"line":124,"column":32},"end":{"line":124,"column":82}},"29":{"start":{"line":124,"column":33},"end":{"line":124,"column":81}},"30":{"start":{"line":124,"column":81},"end":{"line":127,"column":3}},"31":{"start":{"line":124,"column":13},"end":{"line":124,"column":32}}},"fnMap":{"0":{"name":"(anonymous_0)","decl":{"start":{"line":41,"column":24},"end":{"line":41,"column":25}},"loc":{"start":{"line":41,"column":46},"end":{"line":41,"column":69}}},"1":{"name":"(anonymous_1)","decl":{"start":{"line":51,"column":29},"end":{"line":51,"column":30}},"loc":{"start":{"line":51,"column":41},"end":{"line":51,"column":69}}},"2":{"name":"(anonymous_2)","decl":{"start":{"line":62,"column":36},"end":{"line":62,"column":37}},"loc":{"start":{"line":62,"column":67},"end":{"line":62,"column":null}}},"3":{"name":"(anonymous_3)","decl":{"start":{"line":63,"column":2},"end":{"line":63,"column":3}},"loc":{"start":{"line":63,"column":61},"end":{"line":106,"column":3}}},"4":{"name":"(anonymous_4)","decl":{"start":{"line":71,"column":18},"end":{"line":71,"column":19}},"loc":{"start":{"line":71,"column":22},"end":{"line":75,"column":6}}},"5":{"name":"(anonymous_5)","decl":{"start":{"line":99,"column":11},"end":{"line":99,"column":12}},"loc":{"start":{"line":99,"column":15},"end":{"line":101,"column":4}}},"6":{"name":"(anonymous_6)","decl":{"start":{"line":101,"column":12},"end":{"line":101,"column":13}},"loc":{"start":{"line":101,"column":18},"end":{"line":105,"column":4}}},"7":{"name":"(anonymous_7)","decl":{"start":{"line":114,"column":30},"end":{"line":114,"column":31}},"loc":{"start":{"line":114,"column":50},"end":{"line":114,"column":79}}},"8":{"name":"(anonymous_8)","decl":{"start":{"line":124,"column":32},"end":{"line":124,"column":33}},"loc":{"start":{"line":124,"column":51},"end":{"line":124,"column":82}}}},"branchMap":{"0":{"loc":{"start":{"line":62,"column":37},"end":{"line":62,"column":72}},"type":"if","locations":[{"start":{"line":62,"column":37},"end":{"line":62,"column":72}},{"start":{"line":62,"column":37},"end":{"line":62,"column":72}}]},"1":{"loc":{"start":{"line":66,"column":3},"end":{"line":78,"column":null}},"type":"if","locations":[{"start":{"line":66,"column":3},"end":{"line":78,"column":null}},{"start":{"line":66,"column":3},"end":{"line":78,"column":null}}]},"2":{"loc":{"start":{"line":69,"column":4},"end":{"line":77,"column":null}},"type":"if","locations":[{"start":{"line":69,"column":4},"end":{"line":77,"column":null}},{"start":{"line":69,"column":4},"end":{"line":77,"column":null}}]},"3":{"loc":{"start":{"line":72,"column":6},"end":{"line":74,"column":null}},"type":"if","locations":[{"start":{"line":72,"column":6},"end":{"line":74,"column":null}},{"start":{"line":72,"column":6},"end":{"line":74,"column":null}}]},"4":{"loc":{"start":{"line":83,"column":68},"end":{"line":83,"column":90}},"type":"binary-expr","locations":[{"start":{"line":83,"column":68},"end":{"line":83,"column":90}},{"start":{"line":83,"column":94},"end":{"line":83,"column":96}}]},"5":{"loc":{"start":{"line":124,"column":33},"end":{"line":124,"column":81}},"type":"if","locations":[{"start":{"line":124,"column":33},"end":{"line":124,"column":81}},{"start":{"line":124,"column":33},"end":{"line":124,"column":81}}]}},"s":{"0":2,"1":2,"2":2,"3":3,"4":2,"5":2,"6":3,"7":2,"8":2,"9":2,"10":2,"11":2,"12":0,"13":0,"14":0,"15":0,"16":0,"17":0,"18":0,"19":0,"20":2,"21":2,"22":1,"23":1,"24":2,"25":2,"26":0,"27":2,"28":2,"29":0,"30":0,"31":2},"f":{"0":3,"1":3,"2":2,"3":2,"4":0,"5":2,"6":1,"7":0,"8":0},"b":{"0":[0,2],"1":[0,2],"2":[0,0],"3":[0,0],"4":[2,2],"5":[0,0]}}
,"C:\\OpenServer5.3.5\\OSPanel\\domains\\touragency.local\\client\\src\\actions\\tests\\utilsForActionsTests.ts": {"path":"C:\\OpenServer5.3.5\\OSPanel\\domains\\touragency.local\\client\\src\\actions\\tests\\utilsForActionsTests.ts","statementMap":{"0":{"start":{"line":2,"column":0},"end":{"line":2,"column":32}},"1":{"start":{"line":4,"column":0},"end":{"line":4,"column":33}},"2":{"start":{"line":6,"column":0},"end":{"line":6,"column":50}},"3":{"start":{"line":7,"column":0},"end":{"line":7,"column":33}},"4":{"start":{"line":10,"column":18},"end":{"line":10,"column":45}},"5":{"start":{"line":11,"column":13},"end":{"line":11,"column":39}},"6":{"start":{"line":13,"column":32},"end":{"line":21,"column":1}},"7":{"start":{"line":14,"column":2},"end":{"line":20,"column":5}},"8":{"start":{"line":15,"column":20},"end":{"line":15,"column":48}},"9":{"start":{"line":16,"column":4},"end":{"line":19,"column":7}},"10":{"start":{"line":13,"column":13},"end":{"line":13,"column":32}},"11":{"start":{"line":23,"column":35},"end":{"line":30,"column":2}},"12":{"start":{"line":25,"column":32},"end":{"line":30,"column":2}},"13":{"start":{"line":27,"column":2},"end":{"line":27,"column":40}},"14":{"start":{"line":28,"column":8},"end":{"line":28,"column":47}},"15":{"start":{"line":29,"column":2},"end":{"line":29,"column":49}},"16":{"start":{"line":23,"column":13},"end":{"line":23,"column":35}}},"fnMap":{"0":{"name":"(anonymous_13)","decl":{"start":{"line":13,"column":32},"end":{"line":13,"column":33}},"loc":{"start":{"line":13,"column":46},"end":{"line":21,"column":1}}},"1":{"name":"(anonymous_14)","decl":{"start":{"line":14,"column":14},"end":{"line":14,"column":null}},"loc":{"start":{"line":14,"column":14},"end":{"line":20,"column":3}}},"2":{"name":"(anonymous_15)","decl":{"start":{"line":23,"column":35},"end":{"line":23,"column":null}},"loc":{"start":{"line":25,"column":32},"end":{"line":30,"column":2}}},"3":{"name":"(anonymous_16)","decl":{"start":{"line":25,"column":32},"end":{"line":25,"column":null}},"loc":{"start":{"line":25,"column":32},"end":{"line":30,"column":2}}}},"branchMap":{"0":{"loc":{"start":{"line":27,"column":2},"end":{"line":27,"column":40}},"type":"switch","locations":[{"start":{"line":27,"column":2},"end":{"line":27,"column":40}}]}},"s":{"0":3,"1":3,"2":3,"3":3,"4":3,"5":3,"6":3,"7":6,"8":6,"9":6,"10":3,"11":3,"12":6,"13":12,"14":6,"15":6,"16":3},"f":{"0":6,"1":6,"2":6,"3":6},"b":{"0":[6]}}
}
