TN:
SF:src\constants.ts
FNF:0
FNH:0
DA:1,13
DA:2,13
DA:3,13
DA:4,13
DA:5,13
DA:6,13
DA:7,13
DA:8,13
DA:9,13
DA:10,13
LF:10
LH:10
BRF:0
BRH:0
end_of_record
TN:
SF:src\store.ts
FNF:0
FNH:0
DA:1,4
DA:2,4
DA:3,4
DA:4,4
DA:6,4
DA:10,4
LF:6
LH:6
BRF:0
BRH:0
end_of_record
TN:
SF:src\actions\filterOptions.ts
FN:26,(anonymous_1)
FN:36,(anonymous_2)
FN:41,(anonymous_3)
FN:56,(anonymous_4)
FN:58,(anonymous_5)
FNF:5
FNH:5
FNDA:10,(anonymous_1)
FNDA:4,(anonymous_2)
FNDA:14,(anonymous_3)
FNDA:10,(anonymous_4)
FNDA:2,(anonymous_5)
DA:2,5
DA:3,5
DA:26,10
DA:36,5
DA:41,5
DA:43,14
DA:45,14
DA:57,10
DA:60,2
DA:61,2
LF:10
LH:10
BRF:0
BRH:0
end_of_record
TN:
SF:src\actions\singleTourPage.ts
FN:11,(anonymous_1)
FN:21,(anonymous_2)
FN:26,(anonymous_3)
FN:27,(anonymous_4)
FN:47,(anonymous_5)
FN:49,(anonymous_6)
FNF:6
FNH:6
FNDA:6,(anonymous_1)
FNDA:6,(anonymous_2)
FNDA:4,(anonymous_3)
FNDA:4,(anonymous_4)
FNDA:4,(anonymous_5)
FNDA:2,(anonymous_6)
DA:2,4
DA:3,4
DA:11,6
DA:21,6
DA:26,4
DA:27,4
DA:48,4
DA:51,2
DA:52,2
LF:9
LH:9
BRF:0
BRH:0
end_of_record
TN:
SF:src\actions\toursPage.ts
FN:41,(anonymous_1)
FN:51,(anonymous_2)
FN:62,(anonymous_3)
FN:63,(anonymous_4)
FN:70,(anonymous_5)
FN:95,(anonymous_6)
FN:97,(anonymous_7)
FN:110,(anonymous_8)
FN:120,(anonymous_9)
FNF:9
FNH:9
FNDA:21,(anonymous_1)
FNDA:6,(anonymous_2)
FNDA:22,(anonymous_3)
FNDA:22,(anonymous_4)
FNDA:31,(anonymous_5)
FNDA:19,(anonymous_6)
FNDA:2,(anonymous_7)
FNDA:9,(anonymous_8)
FNDA:8,(anonymous_9)
DA:2,6
DA:3,6
DA:41,21
DA:51,6
DA:62,22
DA:66,22
DA:67,21
DA:68,21
DA:69,21
DA:70,21
DA:71,31
DA:73,21
DA:76,22
DA:96,19
DA:99,2
DA:100,2
DA:110,9
DA:120,8
LF:18
LH:18
BRDA:66,0,0,21
BRDA:66,0,1,1
BRDA:79,1,0,22
BRDA:79,1,1,1
BRF:4
BRH:4
end_of_record
TN:
SF:src\actions\tests\utilsForActionsTests.ts
FN:13,(anonymous_20)
FN:14,(anonymous_21)
FN:23,(anonymous_22)
FN:25,(anonymous_23)
FNF:4
FNH:4
FNDA:10,(anonymous_20)
FNDA:10,(anonymous_21)
FNDA:8,(anonymous_22)
FNDA:8,(anonymous_23)
DA:2,6
DA:4,6
DA:6,6
DA:7,6
DA:10,6
DA:11,6
DA:13,6
DA:14,10
DA:15,10
DA:16,10
DA:23,6
DA:25,8
DA:27,16
DA:28,8
DA:29,8
LF:15
LH:15
BRDA:27,0,0,8
BRF:1
BRH:1
end_of_record
TN:
SF:src\components\CountryCard.tsx
FN:16,(anonymous_2)
FN:66,(anonymous_3)
FN:68,(anonymous_4)
FNF:3
FNH:3
FNDA:6,(anonymous_2)
FNDA:6,(anonymous_3)
FNDA:6,(anonymous_4)
DA:1,2
DA:2,2
DA:16,2
DA:17,6
DA:18,6
DA:41,2
DA:54,2
DA:66,6
DA:68,6
DA:73,2
DA:79,2
LF:11
LH:11
BRDA:41,0,0,2
BRDA:41,0,1,2
BRDA:54,1,0,2
BRDA:54,1,1,2
BRDA:73,2,0,2
BRDA:73,2,1,2
BRF:6
BRH:6
end_of_record
TN:
SF:src\components\CustomSelect.tsx
FN:16,(anonymous_1)
FNF:1
FNH:1
FNDA:90,(anonymous_1)
DA:1,2
DA:2,2
DA:16,2
DA:17,90
DA:18,90
DA:19,90
DA:20,90
DA:21,90
DA:22,90
DA:23,90
DA:38,2
LF:11
LH:11
BRF:0
BRH:0
end_of_record
TN:
SF:src\components\Header.tsx
FN:8,(anonymous_2)
FNF:1
FNH:1
FNDA:15,(anonymous_2)
DA:1,4
DA:2,4
DA:4,4
DA:6,4
DA:8,15
DA:21,4
DA:37,4
DA:62,4
LF:8
LH:8
BRDA:21,0,0,4
BRDA:21,0,1,4
BRDA:37,1,0,4
BRDA:37,1,1,4
BRF:4
BRH:4
end_of_record
TN:
SF:src\components\ImageWithWebp.tsx
FN:11,(anonymous_4)
FNF:1
FNH:1
FNDA:124,(anonymous_4)
DA:1,3
DA:11,3
DA:13,124
DA:14,124
DA:15,124
DA:16,124
DA:18,124
DA:26,3
LF:8
LH:8
BRF:0
BRH:0
end_of_record
TN:
SF:src\components\Menu.tsx
FN:20,(anonymous_7)
FN:27,(anonymous_8)
FN:51,(anonymous_9)
FN:58,(anonymous_10)
FN:61,(anonymous_11)
FNF:5
FNH:5
FNDA:15,(anonymous_7)
FNDA:30,(anonymous_8)
FNDA:30,(anonymous_9)
FNDA:30,(anonymous_10)
FNDA:30,(anonymous_11)
DA:1,4
DA:2,4
DA:3,4
DA:5,4
DA:7,4
DA:20,4
DA:21,15
DA:23,15
DA:27,30
DA:38,4
DA:46,4
DA:51,30
DA:58,30
DA:61,30
DA:65,4
LF:15
LH:15
BRDA:38,0,0,4
BRDA:38,0,1,4
BRDA:46,1,0,4
BRDA:46,1,1,4
BRF:4
BRH:4
end_of_record
TN:
SF:src\components\Pagination.tsx
FN:14,(anonymous_2)
FN:53,(anonymous_3)
FN:69,(anonymous_4)
FN:70,(anonymous_5)
FN:75,(anonymous_6)
FN:88,(anonymous_7)
FNF:6
FNH:6
FNDA:27,(anonymous_2)
FNDA:54,(anonymous_3)
FNDA:27,(anonymous_4)
FNDA:27,(anonymous_5)
FNDA:27,(anonymous_6)
FNDA:27,(anonymous_7)
DA:1,2
DA:2,2
DA:4,2
DA:14,2
DA:16,27
DA:18,27
DA:36,2
DA:50,2
DA:53,54
DA:56,2
DA:59,2
DA:63,2
DA:69,27
DA:70,27
DA:75,27
DA:78,2
DA:81,2
DA:85,2
DA:88,27
DA:92,2
LF:20
LH:20
BRDA:22,0,0,27
BRDA:22,0,1,12
BRDA:30,1,0,27
BRDA:30,1,1,15
BRDA:36,2,0,2
BRDA:36,2,1,2
BRDA:50,3,0,2
BRDA:50,3,1,2
BRDA:56,4,0,2
BRDA:56,4,1,2
BRDA:59,5,0,2
BRDA:59,5,1,2
BRDA:63,6,0,2
BRDA:63,6,1,2
BRDA:78,7,0,2
BRDA:78,7,1,2
BRDA:81,8,0,2
BRDA:81,8,1,2
BRDA:85,9,0,2
BRDA:85,9,1,2
BRF:20
BRH:20
end_of_record
TN:
SF:src\components\PaginationItem.tsx
FN:10,(anonymous_2)
FN:23,(anonymous_3)
FN:24,(anonymous_4)
FN:25,(anonymous_5)
FN:35,(anonymous_6)
FNF:5
FNH:5
FNDA:60,(anonymous_2)
FNDA:60,(anonymous_3)
FNDA:60,(anonymous_4)
FNDA:60,(anonymous_5)
FNDA:60,(anonymous_6)
DA:1,2
DA:2,2
DA:10,60
DA:20,2
DA:23,60
DA:24,60
DA:25,60
DA:35,60
DA:39,2
LF:9
LH:9
BRDA:20,0,0,2
BRDA:20,0,1,2
BRDA:23,1,0,27
BRDA:23,1,1,33
BRDA:24,2,0,27
BRDA:24,2,1,33
BRDA:25,3,0,27
BRDA:25,3,1,33
BRF:8
BRH:8
end_of_record
TN:
SF:src\components\Tour.tsx
FN:10,(anonymous_2)
FN:109,(anonymous_3)
FN:139,(anonymous_4)
FN:151,(anonymous_5)
FN:169,(anonymous_6)
FN:187,(anonymous_7)
FNF:6
FNH:6
FNDA:122,(anonymous_2)
FNDA:122,(anonymous_3)
FNDA:122,(anonymous_4)
FNDA:122,(anonymous_5)
FNDA:122,(anonymous_6)
FNDA:122,(anonymous_7)
DA:1,2
DA:2,2
DA:3,2
DA:5,2
DA:8,2
DA:10,2
DA:12,122
DA:13,122
DA:14,122
DA:15,122
DA:16,122
DA:17,122
DA:18,122
DA:19,122
DA:22,122
DA:23,122
DA:24,122
DA:25,122
DA:26,225
DA:27,225
DA:28,934
DA:30,225
DA:34,122
DA:36,122
DA:90,2
DA:104,2
DA:109,122
DA:122,2
DA:126,2
DA:130,2
DA:139,122
DA:143,2
DA:151,122
DA:155,2
DA:169,122
DA:173,2
DA:181,2
DA:187,122
DA:195,2
LF:39
LH:39
BRDA:24,0,0,122
BRDA:24,0,1,0
BRDA:64,1,0,122
BRDA:64,1,1,122
BRDA:90,2,0,2
BRDA:90,2,1,2
BRDA:104,3,0,2
BRDA:104,3,1,2
BRDA:122,4,0,2
BRDA:122,4,1,2
BRDA:126,5,0,2
BRDA:126,5,1,2
BRDA:130,6,0,2
BRDA:130,6,1,2
BRDA:143,7,0,2
BRDA:143,7,1,2
BRDA:155,8,0,2
BRDA:155,8,1,2
BRDA:173,9,0,2
BRDA:173,9,1,2
BRDA:181,10,0,2
BRDA:181,10,1,2
BRF:22
BRH:21
end_of_record
TN:
SF:src\components\TourCaption.tsx
FN:11,(anonymous_2)
FN:54,(anonymous_3)
FNF:2
FNH:2
FNDA:2,(anonymous_2)
FNDA:2,(anonymous_3)
DA:1,1
DA:2,1
DA:4,1
DA:11,2
DA:26,1
DA:33,1
DA:37,1
DA:54,2
DA:58,1
DA:69,1
LF:10
LH:10
BRDA:26,0,0,1
BRDA:26,0,1,1
BRDA:33,1,0,1
BRDA:33,1,1,1
BRDA:37,2,0,1
BRDA:37,2,1,1
BRDA:58,3,0,1
BRDA:58,3,1,1
BRF:8
BRH:8
end_of_record
TN:
SF:src\components\TourFilter.tsx
FN:15,(anonymous_2)
FN:47,(anonymous_3)
FN:70,(anonymous_4)
FNF:3
FNH:3
FNDA:41,(anonymous_2)
FNDA:41,(anonymous_3)
FNDA:41,(anonymous_4)
DA:1,2
DA:2,2
DA:3,2
DA:5,2
DA:15,2
DA:16,41
DA:17,41
DA:44,2
DA:47,41
DA:70,41
DA:99,2
DA:109,2
DA:118,2
LF:13
LH:13
BRDA:44,0,0,2
BRDA:44,0,1,2
BRDA:99,1,0,2
BRDA:99,1,1,2
BRDA:109,2,0,2
BRDA:109,2,1,2
BRF:6
BRH:6
end_of_record
TN:
SF:src\components\TourSchedule.tsx
FN:12,(anonymous_2)
FN:16,(anonymous_3)
FNF:2
FNH:2
FNDA:2,(anonymous_2)
FNDA:14,(anonymous_3)
DA:1,1
DA:2,1
DA:6,1
DA:12,2
DA:16,14
DA:23,1
DA:30,1
LF:7
LH:7
BRDA:16,0,0,2
BRDA:16,0,1,2
BRDA:23,1,0,1
BRDA:23,1,1,1
BRF:4
BRH:4
end_of_record
TN:
SF:src\components\TourScheduleDay.tsx
FN:13,(anonymous_2)
FN:58,(anonymous_3)
FN:87,(anonymous_4)
FNF:3
FNH:3
FNDA:14,(anonymous_2)
FNDA:14,(anonymous_3)
FNDA:14,(anonymous_4)
DA:1,1
DA:2,1
DA:6,1
DA:13,14
DA:31,1
DA:45,1
DA:52,1
DA:58,14
DA:65,1
DA:74,1
DA:87,14
DA:91,1
DA:100,1
LF:13
LH:13
BRDA:31,0,0,1
BRDA:31,0,1,1
BRDA:45,1,0,1
BRDA:45,1,1,1
BRDA:52,2,0,1
BRDA:52,2,1,1
BRDA:65,3,0,1
BRDA:65,3,1,1
BRDA:74,4,0,1
BRDA:74,4,1,1
BRDA:91,5,0,1
BRDA:91,5,1,1
BRF:12
BRH:12
end_of_record
TN:
SF:src\components\TourTable.tsx
FN:13,(anonymous_2)
FN:46,(anonymous_3)
FNF:2
FNH:2
FNDA:2,(anonymous_2)
FNDA:10,(anonymous_3)
DA:1,1
DA:2,1
DA:4,1
DA:13,1
DA:14,2
DA:15,2
DA:46,10
DA:55,1
DA:107,1
LF:9
LH:9
BRDA:55,0,0,1
BRDA:55,0,1,1
BRF:2
BRH:2
end_of_record
TN:
SF:src\containers\App.tsx
FN:8,(anonymous_7)
FN:8,(anonymous_8)
FN:9,(anonymous_9)
FN:9,(anonymous_10)
FN:10,(anonymous_11)
FN:10,(anonymous_12)
FN:12,(anonymous_13)
FNF:7
FNH:7
FNDA:2,(anonymous_7)
FNDA:2,(anonymous_8)
FNDA:2,(anonymous_9)
FNDA:2,(anonymous_10)
FNDA:1,(anonymous_11)
FNDA:1,(anonymous_12)
FNDA:15,(anonymous_13)
DA:1,4
DA:2,4
DA:5,4
DA:6,4
DA:8,4
DA:9,4
DA:10,4
DA:12,15
DA:35,4
LF:9
LH:9
BRF:0
BRH:0
end_of_record
TN:
SF:src\containers\CountryCardContainer.tsx
FN:37,(anonymous_1)
FN:41,(anonymous_2)
FNF:2
FNH:2
FNDA:6,(anonymous_1)
FNDA:1,(anonymous_2)
DA:1,2
DA:2,2
DA:3,2
DA:5,2
DA:7,2
DA:9,2
DA:37,6
DA:38,6
DA:39,6
DA:40,6
DA:41,6
DA:42,1
DA:43,1
DA:46,6
DA:55,2
LF:15
LH:15
BRF:0
BRH:0
end_of_record
TN:
SF:src\containers\CustomSelectContainer.tsx
FN:19,(anonymous_3)
FN:34,(anonymous_4)
FN:36,(anonymous_5)
FN:45,(anonymous_6)
FNF:4
FNH:4
FNDA:90,(anonymous_3)
FNDA:290,(anonymous_4)
FNDA:1,(anonymous_5)
FNDA:1,(anonymous_6)
DA:1,2
DA:2,2
DA:4,2
DA:5,2
DA:9,2
DA:19,2
DA:20,90
DA:21,90
DA:22,90
DA:23,90
DA:24,90
DA:26,90
DA:34,290
DA:35,90
DA:36,90
DA:37,1
DA:38,1
DA:39,1
DA:40,1
DA:45,90
DA:46,1
DA:49,90
DA:56,90
DA:60,90
DA:66,2
LF:25
LH:25
BRDA:38,0,0,0
BRDA:38,0,1,1
BRDA:38,1,0,1
BRDA:38,1,1,1
BRDA:42,2,0,0
BRDA:42,2,1,1
BRDA:42,3,0,1
BRDA:42,3,1,1
BRF:8
BRH:6
end_of_record
TN:
SF:src\containers\HomePage.tsx
FN:8,(anonymous_2)
FN:28,(anonymous_3)
FN:43,(anonymous_4)
FN:46,(anonymous_5)
FNF:4
FNH:4
FNDA:6,(anonymous_2)
FNDA:6,(anonymous_3)
FNDA:6,(anonymous_4)
FNDA:6,(anonymous_5)
DA:1,2
DA:2,2
DA:3,2
DA:5,2
DA:6,2
DA:8,2
DA:9,6
DA:10,6
DA:12,6
DA:28,6
DA:38,2
DA:43,6
DA:46,6
DA:50,2
LF:14
LH:14
BRDA:24,0,0,4
BRDA:24,0,1,2
BRDA:38,1,0,2
BRDA:38,1,1,2
BRF:4
BRH:4
end_of_record
TN:
SF:src\containers\PaginationContainer.tsx
FN:11,(anonymous_3)
FN:12,(anonymous_4)
FN:13,(anonymous_5)
FN:14,(anonymous_6)
FN:17,(anonymous_7)
FN:21,(anonymous_8)
FN:24,(anonymous_9)
FN:37,(anonymous_11)
FNF:8
FNH:8
FNDA:27,(anonymous_3)
FNDA:62,(anonymous_4)
FNDA:62,(anonymous_5)
FNDA:62,(anonymous_6)
FNDA:3,(anonymous_7)
FNDA:1,(anonymous_8)
FNDA:1,(anonymous_9)
FNDA:1,(anonymous_11)
DA:1,2
DA:2,2
DA:3,2
DA:5,2
DA:6,2
DA:8,2
DA:9,2
DA:11,2
DA:12,62
DA:13,62
DA:14,62
DA:16,27
DA:17,27
DA:18,3
DA:19,3
DA:21,27
DA:22,1
DA:24,27
DA:25,1
DA:28,27
DA:29,27
DA:31,60
DA:32,60
DA:37,1
DA:42,27
DA:46,27
DA:52,2
LF:27
LH:27
BRF:0
BRH:0
end_of_record
TN:
SF:src\containers\SingleTourPage.tsx
FN:17,(anonymous_7)
FN:20,(anonymous_8)
FN:22,(anonymous_9)
FNF:3
FNH:3
FNDA:4,(anonymous_7)
FNDA:8,(anonymous_8)
FNDA:2,(anonymous_9)
DA:1,1
DA:2,1
DA:3,1
DA:5,1
DA:6,1
DA:8,1
DA:9,1
DA:10,1
DA:11,1
DA:17,1
DA:18,4
DA:19,4
DA:20,8
DA:22,4
DA:23,2
DA:26,4
DA:27,1
DA:30,3
DA:31,2
DA:33,2
DA:58,1
DA:61,1
LF:22
LH:22
BRDA:26,0,0,1
BRDA:26,0,1,3
BRDA:30,1,0,2
BRDA:30,1,1,1
BRF:4
BRH:4
end_of_record
TN:
SF:src\containers\TourFilterContainer.tsx
FN:23,(anonymous_9)
FN:24,(anonymous_10)
FN:25,(anonymous_11)
FN:26,(anonymous_12)
FN:27,(anonymous_13)
FN:30,(anonymous_14)
FN:45,(anonymous_15)
FN:48,(anonymous_16)
FN:81,(anonymous_18)
FN:108,(anonymous_19)
FNF:10
FNH:9
FNDA:37,(anonymous_9)
FNDA:77,(anonymous_10)
FNDA:77,(anonymous_11)
FNDA:77,(anonymous_12)
FNDA:77,(anonymous_13)
FNDA:10,(anonymous_14)
FNDA:0,(anonymous_15)
FNDA:41,(anonymous_16)
FNDA:120,(anonymous_18)
FNDA:1,(anonymous_19)
DA:1,2
DA:2,2
DA:3,2
DA:5,2
DA:6,2
DA:7,2
DA:9,2
DA:10,2
DA:23,2
DA:24,77
DA:25,77
DA:26,77
DA:27,77
DA:28,37
DA:30,37
DA:31,10
DA:34,37
DA:54,164
DA:56,41
DA:60,41
DA:61,246
DA:62,205
DA:63,205
DA:64,4
DA:78,201
DA:79,201
DA:80,201
DA:81,120
DA:84,205
DA:98,41
DA:99,6
DA:101,35
DA:103,21
DA:105,14
DA:108,41
DA:109,1
DA:110,1
DA:111,1
DA:112,1
DA:113,1
DA:114,1
DA:121,41
DA:125,41
DA:136,2
LF:44
LH:44
BRDA:61,0,0,205
BRDA:61,0,1,41
BRDA:63,1,0,4
BRDA:63,1,1,201
BRDA:80,2,0,201
BRDA:80,2,1,33
BRDA:98,3,0,6
BRDA:98,3,1,35
BRDA:101,4,0,21
BRDA:101,4,1,14
BRDA:111,5,0,1
BRDA:111,5,1,0
BRF:12
BRH:11
end_of_record
TN:
SF:src\containers\ToursPage.tsx
FN:12,(anonymous_9)
FN:13,(anonymous_10)
FN:14,(anonymous_11)
FN:22,(anonymous_12)
FN:38,(anonymous_13)
FNF:5
FNH:5
FNDA:32,(anonymous_9)
FNDA:72,(anonymous_10)
FNDA:72,(anonymous_11)
FNDA:15,(anonymous_12)
FNDA:122,(anonymous_13)
DA:1,2
DA:2,2
DA:4,2
DA:5,2
DA:6,2
DA:8,2
DA:9,2
DA:10,2
DA:12,2
DA:13,72
DA:14,72
DA:15,32
DA:16,32
DA:17,32
DA:18,32
DA:19,32
DA:20,32
DA:22,32
DA:23,15
DA:26,32
DA:27,1
DA:30,31
DA:38,122
DA:49,2
LF:24
LH:24
BRDA:26,0,0,1
BRDA:26,0,1,31
BRDA:33,1,0,31
BRDA:33,1,1,31
BRDA:38,2,0,27
BRDA:38,2,1,4
BRDA:44,3,0,27
BRDA:44,3,1,4
BRDA:44,4,0,31
BRDA:44,4,1,27
BRF:10
BRH:10
end_of_record
TN:
SF:src\containers\WorldMap.tsx
FN:13,(anonymous_10)
FN:22,(anonymous_11)
FN:45,(anonymous_12)
FN:48,(anonymous_13)
FN:58,(anonymous_14)
FN:90,(anonymous_15)
FN:94,(anonymous_16)
FN:97,(anonymous_17)
FNF:8
FNH:8
FNDA:8,(anonymous_10)
FNDA:3,(anonymous_11)
FNDA:1,(anonymous_12)
FNDA:1,(anonymous_13)
FNDA:4,(anonymous_14)
FNDA:8,(anonymous_15)
FNDA:8,(anonymous_16)
FNDA:8,(anonymous_17)
DA:1,2
DA:4,2
DA:5,2
DA:6,2
DA:7,2
DA:9,2
DA:11,2
DA:13,2
DA:14,8
DA:15,8
DA:16,8
DA:17,8
DA:18,8
DA:19,8
DA:21,8
DA:23,3
DA:24,3
DA:27,3
DA:32,2
DA:33,2
DA:36,1
DA:37,1
DA:40,3
DA:41,3
DA:42,3
DA:43,3
DA:46,1
DA:49,1
DA:50,1
DA:51,1
DA:52,1
DA:53,1
DA:58,8
DA:59,4
DA:60,4
DA:61,4
DA:63,4
DA:64,4
DA:65,4
DA:68,8
DA:87,2
DA:90,8
DA:94,8
DA:97,8
DA:103,2
LF:45
LH:45
BRDA:27,0,0,2
BRDA:27,0,1,1
BRDA:27,1,0,3
BRDA:27,1,1,2
BRDA:51,2,0,1
BRDA:51,2,1,0
BRDA:87,3,0,2
BRDA:87,3,1,2
BRF:8
BRH:7
end_of_record
TN:
SF:src\hooks\useSelector.ts
FNF:0
FNH:0
DA:1,3
DA:12,3
DA:14,3
LF:3
LH:3
BRF:0
BRH:0
end_of_record
TN:
SF:src\reducers\filterOptions.ts
FN:13,(anonymous_2)
FNF:1
FNH:1
FNDA:49,(anonymous_2)
DA:2,5
DA:4,5
DA:13,62
DA:16,49
DA:18,7
DA:20,1
DA:22,41
DA:26,5
LF:8
LH:8
BRDA:13,0,0,13
BRDA:13,0,1,36
BRDA:17,1,0,7
BRDA:17,1,1,1
BRDA:17,1,2,41
BRF:5
BRH:5
end_of_record
TN:
SF:src\reducers\index.ts
FNF:0
FNH:0
DA:1,4
DA:2,4
DA:3,4
DA:4,4
DA:6,4
DA:12,4
LF:6
LH:6
BRF:0
BRH:0
end_of_record
TN:
SF:src\reducers\singleTourPage.ts
FN:22,(anonymous_2)
FNF:1
FNH:1
FNDA:49,(anonymous_2)
DA:3,5
DA:5,5
DA:22,5
DA:23,62
DA:26,49
DA:28,2
DA:30,2
DA:32,45
DA:36,5
LF:9
LH:9
BRDA:23,0,0,13
BRDA:23,0,1,36
BRDA:27,1,0,2
BRDA:27,1,1,2
BRDA:27,1,2,45
BRF:5
BRH:5
end_of_record
TN:
SF:src\reducers\toursPage.ts
FN:27,(anonymous_3)
FNF:1
FNH:1
FNDA:51,(anonymous_3)
DA:4,5
DA:17,5
DA:27,64
DA:28,51
DA:30,17
DA:38,6
DA:40,5
DA:42,2
DA:44,21
DA:48,5
LF:10
LH:10
BRDA:27,0,0,13
BRDA:27,0,1,38
BRDA:29,1,0,17
BRDA:29,1,1,6
BRDA:29,1,2,5
BRDA:29,1,3,2
BRDA:29,1,4,21
BRF:7
BRH:7
end_of_record
TN:
SF:src\utils\styled-components.ts
FN:27,(anonymous_1)
FN:80,(anonymous_2)
FNF:2
FNH:2
FNDA:15,(anonymous_1)
FNDA:32,(anonymous_2)
DA:1,5
DA:3,5
DA:14,5
DA:27,15
DA:80,5
DA:81,32
DA:82,32
LF:7
LH:7
BRDA:14,0,0,5
BRDA:14,0,1,5
BRDA:84,1,0,32
BRDA:84,1,1,17
BRDA:84,2,0,32
BRDA:84,2,1,28
BRDA:85,3,0,32
BRDA:85,3,1,20
BRDA:86,4,0,32
BRDA:86,4,1,21
BRF:10
BRH:10
end_of_record
TN:
SF:src\utils\utilsForTesting.tsx
FN:10,(anonymous_2)
FNF:1
FNH:1
FNDA:15,(anonymous_2)
DA:1,4
DA:3,4
DA:4,4
DA:5,4
DA:6,4
DA:7,4
DA:8,4
DA:10,30
DA:21,4
LF:9
LH:9
BRDA:10,0,0,15
BRDA:10,0,1,0
BRF:2
BRH:1
end_of_record
