TN:
SF:src\constants.ts
FNF:0
FNH:0
DA:1,8
DA:2,8
DA:3,8
DA:4,8
DA:5,8
DA:6,8
DA:7,8
DA:8,8
DA:9,8
DA:10,8
LF:10
LH:10
BRF:0
BRH:0
end_of_record
TN:
SF:src\actions\filterOptions.ts
FN:26,(anonymous_0)
FN:36,(anonymous_1)
FN:41,(anonymous_2)
FN:56,(anonymous_3)
FN:58,(anonymous_4)
FNF:5
FNH:5
FNDA:4,(anonymous_0)
FNDA:4,(anonymous_1)
FNDA:4,(anonymous_2)
FNDA:4,(anonymous_3)
FNDA:2,(anonymous_4)
DA:2,3
DA:3,3
DA:26,4
DA:36,4
DA:41,3
DA:43,4
DA:45,4
DA:57,4
DA:60,2
DA:61,2
LF:10
LH:10
BRF:0
BRH:0
end_of_record
TN:
SF:src\actions\singleTourPage.ts
FN:11,(anonymous_0)
FN:21,(anonymous_1)
FN:26,(anonymous_2)
FN:27,(anonymous_3)
FN:47,(anonymous_4)
FN:49,(anonymous_5)
FNF:6
FNH:6
FNDA:5,(anonymous_0)
FNDA:5,(anonymous_1)
FNDA:2,(anonymous_2)
FNDA:2,(anonymous_3)
FNDA:2,(anonymous_4)
FNDA:1,(anonymous_5)
DA:2,3
DA:3,3
DA:11,5
DA:21,5
DA:26,3
DA:27,2
DA:48,2
DA:51,1
DA:52,1
LF:9
LH:9
BRF:0
BRH:0
end_of_record
TN:
SF:src\actions\toursPage.ts
FN:41,(anonymous_0)
FN:51,(anonymous_1)
FN:62,(anonymous_2)
FN:63,(anonymous_3)
FN:70,(anonymous_4)
FN:95,(anonymous_5)
FN:97,(anonymous_6)
FN:110,(anonymous_7)
FN:120,(anonymous_8)
FNF:9
FNH:9
FNDA:3,(anonymous_0)
FNDA:3,(anonymous_1)
FNDA:2,(anonymous_2)
FNDA:2,(anonymous_3)
FNDA:1,(anonymous_4)
FNDA:2,(anonymous_5)
FNDA:1,(anonymous_6)
FNDA:2,(anonymous_7)
FNDA:2,(anonymous_8)
DA:2,2
DA:3,2
DA:41,3
DA:51,3
DA:62,2
DA:66,2
DA:67,1
DA:68,1
DA:69,1
DA:70,1
DA:71,1
DA:73,1
DA:76,2
DA:96,2
DA:99,1
DA:100,1
DA:110,2
DA:120,2
LF:18
LH:18
BRDA:66,0,0,1
BRDA:66,0,1,1
BRDA:79,1,0,2
BRDA:79,1,1,1
BRF:4
BRH:4
end_of_record
TN:
SF:src\actions\tests\utilsForActionsTests.ts
FN:13,(anonymous_13)
FN:14,(anonymous_14)
FN:23,(anonymous_15)
FN:25,(anonymous_16)
FNF:4
FNH:4
FNDA:8,(anonymous_13)
FNDA:8,(anonymous_14)
FNDA:8,(anonymous_15)
FNDA:8,(anonymous_16)
DA:2,4
DA:4,4
DA:6,4
DA:7,4
DA:10,4
DA:11,4
DA:13,4
DA:14,8
DA:15,8
DA:16,8
DA:23,4
DA:25,8
DA:27,16
DA:28,8
DA:29,8
LF:15
LH:15
BRDA:27,0,0,8
BRF:1
BRH:1
end_of_record
TN:
SF:src\reducers\filterOptions.ts
FN:13,(anonymous_2)
FNF:1
FNH:1
FNDA:3,(anonymous_2)
DA:2,1
DA:4,1
DA:13,4
DA:16,3
DA:18,1
DA:20,1
DA:22,1
DA:26,1
LF:8
LH:8
BRDA:13,0,0,1
BRDA:13,0,1,2
BRDA:17,1,0,1
BRDA:17,1,1,1
BRDA:17,1,2,1
BRF:5
BRH:5
end_of_record
TN:
SF:src\reducers\singleTourPage.ts
FN:22,(anonymous_2)
FNF:1
FNH:1
FNDA:3,(anonymous_2)
DA:3,1
DA:5,1
DA:22,1
DA:23,4
DA:26,3
DA:28,1
DA:30,1
DA:32,1
DA:36,1
LF:9
LH:9
BRDA:23,0,0,1
BRDA:23,0,1,2
BRDA:27,1,0,1
BRDA:27,1,1,1
BRDA:27,1,2,1
BRF:5
BRH:5
end_of_record
